The system is: Linux - 5.16.0-1-default - x86_64
Compiling the C compiler identification source file "CMakeCCompilerId.c" succeeded.
Compiler: /usr/bin/cc 
Build flags: 
Id flags:  

The output was:
0


Compilation of the C compiler identification source "CMakeCCompilerId.c" produced "a.out"

The C compiler identification is GNU, found in "/home/vladislav/seminars/c++/seminars_examples/sem1-2/Cmake_eigen/build/CMakeFiles/3.22.1/CompilerIdC/a.out"

Compiling the CXX compiler identification source file "CMakeCXXCompilerId.cpp" succeeded.
Compiler: /usr/bin/c++ 
Build flags: 
Id flags:  

The output was:
0


Compilation of the CXX compiler identification source "CMakeCXXCompilerId.cpp" produced "a.out"

The CXX compiler identification is GNU, found in "/home/vladislav/seminars/c++/seminars_examples/sem1-2/Cmake_eigen/build/CMakeFiles/3.22.1/CompilerIdCXX/a.out"

Detecting C compiler ABI info compiled with the following output:
Change Dir: /home/vladislav/seminars/c++/seminars_examples/sem1-2/Cmake_eigen/build/CMakeFiles/CMakeTmp

Run Build Command(s):/usr/bin/gmake -f Makefile cmTC_f9e03/fast && /usr/bin/gmake  -f CMakeFiles/cmTC_f9e03.dir/build.make CMakeFiles/cmTC_f9e03.dir/build
gmake[1]: Entering directory '/home/vladislav/seminars/c++/seminars_examples/sem1-2/Cmake_eigen/build/CMakeFiles/CMakeTmp'
Building C object CMakeFiles/cmTC_f9e03.dir/CMakeCCompilerABI.c.o
/usr/bin/cc   -v -o CMakeFiles/cmTC_f9e03.dir/CMakeCCompilerABI.c.o -c /usr/share/cmake/Modules/CMakeCCompilerABI.c
Using built-in specs.
COLLECT_GCC=/usr/bin/cc
OFFLOAD_TARGET_NAMES=nvptx-none:amdgcn-amdhsa
OFFLOAD_TARGET_DEFAULT=1
Target: x86_64-suse-linux
Configured with: ../configure --prefix=/usr --infodir=/usr/share/info --mandir=/usr/share/man --libdir=/usr/lib64 --libexecdir=/usr/lib64 --enable-languages=c,c++,objc,fortran,obj-c++,ada,go,d,jit --enable-offload-targets=nvptx-none,amdgcn-amdhsa, --without-cuda-driver --enable-host-shared --enable-checking=release --disable-werror --with-gxx-include-dir=/usr/include/c++/11 --enable-ssp --disable-libssp --disable-libvtv --enable-cet=auto --disable-libcc1 --enable-plugin --with-bugurl=https://bugs.opensuse.org/ --with-pkgversion='SUSE Linux' --with-slibdir=/lib64 --with-system-zlib --enable-libstdcxx-allocator=new --disable-libstdcxx-pch --enable-libphobos --enable-version-specific-runtime-libs --with-gcc-major-version-only --enable-linker-build-id --enable-linux-futex --enable-gnu-indirect-function --program-suffix=-11 --without-system-libunwind --enable-multilib --with-arch-32=x86-64 --with-tune=generic --with-build-config=bootstrap-lto-lean --enable-link-mutex --build=x86_64-suse-linux --host=x86_64-suse-linux
Thread model: posix
Supported LTO compression algorithms: zlib zstd
gcc version 11.2.1 20220103 [revision d4a1d3c4b377f1d4acb34fe1b55b5088a3f293f6] (SUSE Linux) 
COLLECT_GCC_OPTIONS='-v' '-o' 'CMakeFiles/cmTC_f9e03.dir/CMakeCCompilerABI.c.o' '-c' '-mtune=generic' '-march=x86-64' '-dumpdir' 'CMakeFiles/cmTC_f9e03.dir/'
 /usr/lib64/gcc/x86_64-suse-linux/11/cc1 -quiet -v /usr/share/cmake/Modules/CMakeCCompilerABI.c -quiet -dumpdir CMakeFiles/cmTC_f9e03.dir/ -dumpbase CMakeCCompilerABI.c.c -dumpbase-ext .c -mtune=generic -march=x86-64 -version -o /tmp/ccdzRQgK.s
GNU C17 (SUSE Linux) version 11.2.1 20220103 [revision d4a1d3c4b377f1d4acb34fe1b55b5088a3f293f6] (x86_64-suse-linux)
	compiled by GNU C version 11.2.1 20220103 [revision d4a1d3c4b377f1d4acb34fe1b55b5088a3f293f6], GMP version 6.2.1, MPFR version 4.1.0-p7, MPC version 1.2.1, isl version isl-0.24-GMP

GGC heuristics: --param ggc-min-expand=100 --param ggc-min-heapsize=131072
#include "..." search starts here:
#include <...> search starts here:
 /usr/lib64/gcc/x86_64-suse-linux/11/include
 /usr/local/include
 /usr/lib64/gcc/x86_64-suse-linux/11/include-fixed
 /usr/lib64/gcc/x86_64-suse-linux/11/../../../../x86_64-suse-linux/include
 /usr/include
End of search list.
GNU C17 (SUSE Linux) version 11.2.1 20220103 [revision d4a1d3c4b377f1d4acb34fe1b55b5088a3f293f6] (x86_64-suse-linux)
	compiled by GNU C version 11.2.1 20220103 [revision d4a1d3c4b377f1d4acb34fe1b55b5088a3f293f6], GMP version 6.2.1, MPFR version 4.1.0-p7, MPC version 1.2.1, isl version isl-0.24-GMP

GGC heuristics: --param ggc-min-expand=100 --param ggc-min-heapsize=131072
Compiler executable checksum: 00000000000000000000000000000000
COLLECT_GCC_OPTIONS='-v' '-o' 'CMakeFiles/cmTC_f9e03.dir/CMakeCCompilerABI.c.o' '-c' '-mtune=generic' '-march=x86-64' '-dumpdir' 'CMakeFiles/cmTC_f9e03.dir/'
 /usr/lib64/gcc/x86_64-suse-linux/11/../../../../x86_64-suse-linux/bin/as -v --64 -o CMakeFiles/cmTC_f9e03.dir/CMakeCCompilerABI.c.o /tmp/ccdzRQgK.s
GNU assembler version 2.37 (x86_64-suse-linux) using BFD version (GNU Binutils; openSUSE Tumbleweed) 2.37.20211112-3
COMPILER_PATH=/usr/lib64/gcc/x86_64-suse-linux/11/:/usr/lib64/gcc/x86_64-suse-linux/11/:/usr/lib64/gcc/x86_64-suse-linux/:/usr/lib64/gcc/x86_64-suse-linux/11/:/usr/lib64/gcc/x86_64-suse-linux/:/usr/lib64/gcc/x86_64-suse-linux/11/../../../../x86_64-suse-linux/bin/
LIBRARY_PATH=/usr/lib64/gcc/x86_64-suse-linux/11/:/usr/lib64/gcc/x86_64-suse-linux/11/../../../../lib64/:/lib/../lib64/:/usr/lib/../lib64/:/usr/lib64/gcc/x86_64-suse-linux/11/../../../../x86_64-suse-linux/lib/:/usr/lib64/gcc/x86_64-suse-linux/11/../../../:/lib/:/usr/lib/
COLLECT_GCC_OPTIONS='-v' '-o' 'CMakeFiles/cmTC_f9e03.dir/CMakeCCompilerABI.c.o' '-c' '-mtune=generic' '-march=x86-64' '-dumpdir' 'CMakeFiles/cmTC_f9e03.dir/CMakeCCompilerABI.c.'
Linking C executable cmTC_f9e03
/usr/bin/cmake -E cmake_link_script CMakeFiles/cmTC_f9e03.dir/link.txt --verbose=1
/usr/bin/cc  -v CMakeFiles/cmTC_f9e03.dir/CMakeCCompilerABI.c.o -o cmTC_f9e03 
Using built-in specs.
COLLECT_GCC=/usr/bin/cc
COLLECT_LTO_WRAPPER=/usr/lib64/gcc/x86_64-suse-linux/11/lto-wrapper
OFFLOAD_TARGET_NAMES=nvptx-none:amdgcn-amdhsa
OFFLOAD_TARGET_DEFAULT=1
Target: x86_64-suse-linux
Configured with: ../configure --prefix=/usr --infodir=/usr/share/info --mandir=/usr/share/man --libdir=/usr/lib64 --libexecdir=/usr/lib64 --enable-languages=c,c++,objc,fortran,obj-c++,ada,go,d,jit --enable-offload-targets=nvptx-none,amdgcn-amdhsa, --without-cuda-driver --enable-host-shared --enable-checking=release --disable-werror --with-gxx-include-dir=/usr/include/c++/11 --enable-ssp --disable-libssp --disable-libvtv --enable-cet=auto --disable-libcc1 --enable-plugin --with-bugurl=https://bugs.opensuse.org/ --with-pkgversion='SUSE Linux' --with-slibdir=/lib64 --with-system-zlib --enable-libstdcxx-allocator=new --disable-libstdcxx-pch --enable-libphobos --enable-version-specific-runtime-libs --with-gcc-major-version-only --enable-linker-build-id --enable-linux-futex --enable-gnu-indirect-function --program-suffix=-11 --without-system-libunwind --enable-multilib --with-arch-32=x86-64 --with-tune=generic --with-build-config=bootstrap-lto-lean --enable-link-mutex --build=x86_64-suse-linux --host=x86_64-suse-linux
Thread model: posix
Supported LTO compression algorithms: zlib zstd
gcc version 11.2.1 20220103 [revision d4a1d3c4b377f1d4acb34fe1b55b5088a3f293f6] (SUSE Linux) 
COMPILER_PATH=/usr/lib64/gcc/x86_64-suse-linux/11/:/usr/lib64/gcc/x86_64-suse-linux/11/:/usr/lib64/gcc/x86_64-suse-linux/:/usr/lib64/gcc/x86_64-suse-linux/11/:/usr/lib64/gcc/x86_64-suse-linux/:/usr/lib64/gcc/x86_64-suse-linux/11/../../../../x86_64-suse-linux/bin/
LIBRARY_PATH=/usr/lib64/gcc/x86_64-suse-linux/11/:/usr/lib64/gcc/x86_64-suse-linux/11/../../../../lib64/:/lib/../lib64/:/usr/lib/../lib64/:/usr/lib64/gcc/x86_64-suse-linux/11/../../../../x86_64-suse-linux/lib/:/usr/lib64/gcc/x86_64-suse-linux/11/../../../:/lib/:/usr/lib/
COLLECT_GCC_OPTIONS='-v' '-o' 'cmTC_f9e03' '-mtune=generic' '-march=x86-64' '-dumpdir' 'cmTC_f9e03.'
 /usr/lib64/gcc/x86_64-suse-linux/11/collect2 -plugin /usr/lib64/gcc/x86_64-suse-linux/11/liblto_plugin.so -plugin-opt=/usr/lib64/gcc/x86_64-suse-linux/11/lto-wrapper -plugin-opt=-fresolution=/tmp/cctU2QsR.res -plugin-opt=-pass-through=-lgcc -plugin-opt=-pass-through=-lgcc_s -plugin-opt=-pass-through=-lc -plugin-opt=-pass-through=-lgcc -plugin-opt=-pass-through=-lgcc_s --build-id --eh-frame-hdr -m elf_x86_64 -dynamic-linker /lib64/ld-linux-x86-64.so.2 -o cmTC_f9e03 /usr/lib64/gcc/x86_64-suse-linux/11/../../../../lib64/crt1.o /usr/lib64/gcc/x86_64-suse-linux/11/../../../../lib64/crti.o /usr/lib64/gcc/x86_64-suse-linux/11/crtbegin.o -L/usr/lib64/gcc/x86_64-suse-linux/11 -L/usr/lib64/gcc/x86_64-suse-linux/11/../../../../lib64 -L/lib/../lib64 -L/usr/lib/../lib64 -L/usr/lib64/gcc/x86_64-suse-linux/11/../../../../x86_64-suse-linux/lib -L/usr/lib64/gcc/x86_64-suse-linux/11/../../.. CMakeFiles/cmTC_f9e03.dir/CMakeCCompilerABI.c.o -lgcc --push-state --as-needed -lgcc_s --pop-state -lc -lgcc --push-state --as-needed -lgcc_s --pop-state /usr/lib64/gcc/x86_64-suse-linux/11/crtend.o /usr/lib64/gcc/x86_64-suse-linux/11/../../../../lib64/crtn.o
COLLECT_GCC_OPTIONS='-v' '-o' 'cmTC_f9e03' '-mtune=generic' '-march=x86-64' '-dumpdir' 'cmTC_f9e03.'
gmake[1]: Leaving directory '/home/vladislav/seminars/c++/seminars_examples/sem1-2/Cmake_eigen/build/CMakeFiles/CMakeTmp'



Parsed C implicit include dir info from above output: rv=done
  found start of include info
  found start of implicit include info
    add: [/usr/lib64/gcc/x86_64-suse-linux/11/include]
    add: [/usr/local/include]
    add: [/usr/lib64/gcc/x86_64-suse-linux/11/include-fixed]
    add: [/usr/lib64/gcc/x86_64-suse-linux/11/../../../../x86_64-suse-linux/include]
    add: [/usr/include]
  end of search list found
  collapse include dir [/usr/lib64/gcc/x86_64-suse-linux/11/include] ==> [/usr/lib64/gcc/x86_64-suse-linux/11/include]
  collapse include dir [/usr/local/include] ==> [/usr/local/include]
  collapse include dir [/usr/lib64/gcc/x86_64-suse-linux/11/include-fixed] ==> [/usr/lib64/gcc/x86_64-suse-linux/11/include-fixed]
  collapse include dir [/usr/lib64/gcc/x86_64-suse-linux/11/../../../../x86_64-suse-linux/include] ==> [/usr/x86_64-suse-linux/include]
  collapse include dir [/usr/include] ==> [/usr/include]
  implicit include dirs: [/usr/lib64/gcc/x86_64-suse-linux/11/include;/usr/local/include;/usr/lib64/gcc/x86_64-suse-linux/11/include-fixed;/usr/x86_64-suse-linux/include;/usr/include]


Parsed C implicit link information from above output:
  link line regex: [^( *|.*[/\])(ld|CMAKE_LINK_STARTFILE-NOTFOUND|([^/\]+-)?ld|collect2)[^/\]*( |$)]
  ignore line: [Change Dir: /home/vladislav/seminars/c++/seminars_examples/sem1-2/Cmake_eigen/build/CMakeFiles/CMakeTmp]
  ignore line: []
  ignore line: [Run Build Command(s):/usr/bin/gmake -f Makefile cmTC_f9e03/fast && /usr/bin/gmake  -f CMakeFiles/cmTC_f9e03.dir/build.make CMakeFiles/cmTC_f9e03.dir/build]
  ignore line: [gmake[1]: Entering directory '/home/vladislav/seminars/c++/seminars_examples/sem1-2/Cmake_eigen/build/CMakeFiles/CMakeTmp']
  ignore line: [Building C object CMakeFiles/cmTC_f9e03.dir/CMakeCCompilerABI.c.o]
  ignore line: [/usr/bin/cc   -v -o CMakeFiles/cmTC_f9e03.dir/CMakeCCompilerABI.c.o -c /usr/share/cmake/Modules/CMakeCCompilerABI.c]
  ignore line: [Using built-in specs.]
  ignore line: [COLLECT_GCC=/usr/bin/cc]
  ignore line: [OFFLOAD_TARGET_NAMES=nvptx-none:amdgcn-amdhsa]
  ignore line: [OFFLOAD_TARGET_DEFAULT=1]
  ignore line: [Target: x86_64-suse-linux]
  ignore line: [Configured with: ../configure --prefix=/usr --infodir=/usr/share/info --mandir=/usr/share/man --libdir=/usr/lib64 --libexecdir=/usr/lib64 --enable-languages=c c++ objc fortran obj-c++ ada go d jit --enable-offload-targets=nvptx-none amdgcn-amdhsa  --without-cuda-driver --enable-host-shared --enable-checking=release --disable-werror --with-gxx-include-dir=/usr/include/c++/11 --enable-ssp --disable-libssp --disable-libvtv --enable-cet=auto --disable-libcc1 --enable-plugin --with-bugurl=https://bugs.opensuse.org/ --with-pkgversion='SUSE Linux' --with-slibdir=/lib64 --with-system-zlib --enable-libstdcxx-allocator=new --disable-libstdcxx-pch --enable-libphobos --enable-version-specific-runtime-libs --with-gcc-major-version-only --enable-linker-build-id --enable-linux-futex --enable-gnu-indirect-function --program-suffix=-11 --without-system-libunwind --enable-multilib --with-arch-32=x86-64 --with-tune=generic --with-build-config=bootstrap-lto-lean --enable-link-mutex --build=x86_64-suse-linux --host=x86_64-suse-linux]
  ignore line: [Thread model: posix]
  ignore line: [Supported LTO compression algorithms: zlib zstd]
  ignore line: [gcc version 11.2.1 20220103 [revision d4a1d3c4b377f1d4acb34fe1b55b5088a3f293f6] (SUSE Linux) ]
  ignore line: [COLLECT_GCC_OPTIONS='-v' '-o' 'CMakeFiles/cmTC_f9e03.dir/CMakeCCompilerABI.c.o' '-c' '-mtune=generic' '-march=x86-64' '-dumpdir' 'CMakeFiles/cmTC_f9e03.dir/']
  ignore line: [ /usr/lib64/gcc/x86_64-suse-linux/11/cc1 -quiet -v /usr/share/cmake/Modules/CMakeCCompilerABI.c -quiet -dumpdir CMakeFiles/cmTC_f9e03.dir/ -dumpbase CMakeCCompilerABI.c.c -dumpbase-ext .c -mtune=generic -march=x86-64 -version -o /tmp/ccdzRQgK.s]
  ignore line: [GNU C17 (SUSE Linux) version 11.2.1 20220103 [revision d4a1d3c4b377f1d4acb34fe1b55b5088a3f293f6] (x86_64-suse-linux)]
  ignore line: [	compiled by GNU C version 11.2.1 20220103 [revision d4a1d3c4b377f1d4acb34fe1b55b5088a3f293f6]  GMP version 6.2.1  MPFR version 4.1.0-p7  MPC version 1.2.1  isl version isl-0.24-GMP]
  ignore line: []
  ignore line: [GGC heuristics: --param ggc-min-expand=100 --param ggc-min-heapsize=131072]
  ignore line: [#include "..." search starts here:]
  ignore line: [#include <...> search starts here:]
  ignore line: [ /usr/lib64/gcc/x86_64-suse-linux/11/include]
  ignore line: [ /usr/local/include]
  ignore line: [ /usr/lib64/gcc/x86_64-suse-linux/11/include-fixed]
  ignore line: [ /usr/lib64/gcc/x86_64-suse-linux/11/../../../../x86_64-suse-linux/include]
  ignore line: [ /usr/include]
  ignore line: [End of search list.]
  ignore line: [GNU C17 (SUSE Linux) version 11.2.1 20220103 [revision d4a1d3c4b377f1d4acb34fe1b55b5088a3f293f6] (x86_64-suse-linux)]
  ignore line: [	compiled by GNU C version 11.2.1 20220103 [revision d4a1d3c4b377f1d4acb34fe1b55b5088a3f293f6]  GMP version 6.2.1  MPFR version 4.1.0-p7  MPC version 1.2.1  isl version isl-0.24-GMP]
  ignore line: []
  ignore line: [GGC heuristics: --param ggc-min-expand=100 --param ggc-min-heapsize=131072]
  ignore line: [Compiler executable checksum: 00000000000000000000000000000000]
  ignore line: [COLLECT_GCC_OPTIONS='-v' '-o' 'CMakeFiles/cmTC_f9e03.dir/CMakeCCompilerABI.c.o' '-c' '-mtune=generic' '-march=x86-64' '-dumpdir' 'CMakeFiles/cmTC_f9e03.dir/']
  ignore line: [ /usr/lib64/gcc/x86_64-suse-linux/11/../../../../x86_64-suse-linux/bin/as -v --64 -o CMakeFiles/cmTC_f9e03.dir/CMakeCCompilerABI.c.o /tmp/ccdzRQgK.s]
  ignore line: [GNU assembler version 2.37 (x86_64-suse-linux) using BFD version (GNU Binutils]
  ignore line: [ openSUSE Tumbleweed) 2.37.20211112-3]
  ignore line: [COMPILER_PATH=/usr/lib64/gcc/x86_64-suse-linux/11/:/usr/lib64/gcc/x86_64-suse-linux/11/:/usr/lib64/gcc/x86_64-suse-linux/:/usr/lib64/gcc/x86_64-suse-linux/11/:/usr/lib64/gcc/x86_64-suse-linux/:/usr/lib64/gcc/x86_64-suse-linux/11/../../../../x86_64-suse-linux/bin/]
  ignore line: [LIBRARY_PATH=/usr/lib64/gcc/x86_64-suse-linux/11/:/usr/lib64/gcc/x86_64-suse-linux/11/../../../../lib64/:/lib/../lib64/:/usr/lib/../lib64/:/usr/lib64/gcc/x86_64-suse-linux/11/../../../../x86_64-suse-linux/lib/:/usr/lib64/gcc/x86_64-suse-linux/11/../../../:/lib/:/usr/lib/]
  ignore line: [COLLECT_GCC_OPTIONS='-v' '-o' 'CMakeFiles/cmTC_f9e03.dir/CMakeCCompilerABI.c.o' '-c' '-mtune=generic' '-march=x86-64' '-dumpdir' 'CMakeFiles/cmTC_f9e03.dir/CMakeCCompilerABI.c.']
  ignore line: [Linking C executable cmTC_f9e03]
  ignore line: [/usr/bin/cmake -E cmake_link_script CMakeFiles/cmTC_f9e03.dir/link.txt --verbose=1]
  ignore line: [/usr/bin/cc  -v CMakeFiles/cmTC_f9e03.dir/CMakeCCompilerABI.c.o -o cmTC_f9e03 ]
  ignore line: [Using built-in specs.]
  ignore line: [COLLECT_GCC=/usr/bin/cc]
  ignore line: [COLLECT_LTO_WRAPPER=/usr/lib64/gcc/x86_64-suse-linux/11/lto-wrapper]
  ignore line: [OFFLOAD_TARGET_NAMES=nvptx-none:amdgcn-amdhsa]
  ignore line: [OFFLOAD_TARGET_DEFAULT=1]
  ignore line: [Target: x86_64-suse-linux]
  ignore line: [Configured with: ../configure --prefix=/usr --infodir=/usr/share/info --mandir=/usr/share/man --libdir=/usr/lib64 --libexecdir=/usr/lib64 --enable-languages=c c++ objc fortran obj-c++ ada go d jit --enable-offload-targets=nvptx-none amdgcn-amdhsa  --without-cuda-driver --enable-host-shared --enable-checking=release --disable-werror --with-gxx-include-dir=/usr/include/c++/11 --enable-ssp --disable-libssp --disable-libvtv --enable-cet=auto --disable-libcc1 --enable-plugin --with-bugurl=https://bugs.opensuse.org/ --with-pkgversion='SUSE Linux' --with-slibdir=/lib64 --with-system-zlib --enable-libstdcxx-allocator=new --disable-libstdcxx-pch --enable-libphobos --enable-version-specific-runtime-libs --with-gcc-major-version-only --enable-linker-build-id --enable-linux-futex --enable-gnu-indirect-function --program-suffix=-11 --without-system-libunwind --enable-multilib --with-arch-32=x86-64 --with-tune=generic --with-build-config=bootstrap-lto-lean --enable-link-mutex --build=x86_64-suse-linux --host=x86_64-suse-linux]
  ignore line: [Thread model: posix]
  ignore line: [Supported LTO compression algorithms: zlib zstd]
  ignore line: [gcc version 11.2.1 20220103 [revision d4a1d3c4b377f1d4acb34fe1b55b5088a3f293f6] (SUSE Linux) ]
  ignore line: [COMPILER_PATH=/usr/lib64/gcc/x86_64-suse-linux/11/:/usr/lib64/gcc/x86_64-suse-linux/11/:/usr/lib64/gcc/x86_64-suse-linux/:/usr/lib64/gcc/x86_64-suse-linux/11/:/usr/lib64/gcc/x86_64-suse-linux/:/usr/lib64/gcc/x86_64-suse-linux/11/../../../../x86_64-suse-linux/bin/]
  ignore line: [LIBRARY_PATH=/usr/lib64/gcc/x86_64-suse-linux/11/:/usr/lib64/gcc/x86_64-suse-linux/11/../../../../lib64/:/lib/../lib64/:/usr/lib/../lib64/:/usr/lib64/gcc/x86_64-suse-linux/11/../../../../x86_64-suse-linux/lib/:/usr/lib64/gcc/x86_64-suse-linux/11/../../../:/lib/:/usr/lib/]
  ignore line: [COLLECT_GCC_OPTIONS='-v' '-o' 'cmTC_f9e03' '-mtune=generic' '-march=x86-64' '-dumpdir' 'cmTC_f9e03.']
  link line: [ /usr/lib64/gcc/x86_64-suse-linux/11/collect2 -plugin /usr/lib64/gcc/x86_64-suse-linux/11/liblto_plugin.so -plugin-opt=/usr/lib64/gcc/x86_64-suse-linux/11/lto-wrapper -plugin-opt=-fresolution=/tmp/cctU2QsR.res -plugin-opt=-pass-through=-lgcc -plugin-opt=-pass-through=-lgcc_s -plugin-opt=-pass-through=-lc -plugin-opt=-pass-through=-lgcc -plugin-opt=-pass-through=-lgcc_s --build-id --eh-frame-hdr -m elf_x86_64 -dynamic-linker /lib64/ld-linux-x86-64.so.2 -o cmTC_f9e03 /usr/lib64/gcc/x86_64-suse-linux/11/../../../../lib64/crt1.o /usr/lib64/gcc/x86_64-suse-linux/11/../../../../lib64/crti.o /usr/lib64/gcc/x86_64-suse-linux/11/crtbegin.o -L/usr/lib64/gcc/x86_64-suse-linux/11 -L/usr/lib64/gcc/x86_64-suse-linux/11/../../../../lib64 -L/lib/../lib64 -L/usr/lib/../lib64 -L/usr/lib64/gcc/x86_64-suse-linux/11/../../../../x86_64-suse-linux/lib -L/usr/lib64/gcc/x86_64-suse-linux/11/../../.. CMakeFiles/cmTC_f9e03.dir/CMakeCCompilerABI.c.o -lgcc --push-state --as-needed -lgcc_s --pop-state -lc -lgcc --push-state --as-needed -lgcc_s --pop-state /usr/lib64/gcc/x86_64-suse-linux/11/crtend.o /usr/lib64/gcc/x86_64-suse-linux/11/../../../../lib64/crtn.o]
    arg [/usr/lib64/gcc/x86_64-suse-linux/11/collect2] ==> ignore
    arg [-plugin] ==> ignore
    arg [/usr/lib64/gcc/x86_64-suse-linux/11/liblto_plugin.so] ==> ignore
    arg [-plugin-opt=/usr/lib64/gcc/x86_64-suse-linux/11/lto-wrapper] ==> ignore
    arg [-plugin-opt=-fresolution=/tmp/cctU2QsR.res] ==> ignore
    arg [-plugin-opt=-pass-through=-lgcc] ==> ignore
    arg [-plugin-opt=-pass-through=-lgcc_s] ==> ignore
    arg [-plugin-opt=-pass-through=-lc] ==> ignore
    arg [-plugin-opt=-pass-through=-lgcc] ==> ignore
    arg [-plugin-opt=-pass-through=-lgcc_s] ==> ignore
    arg [--build-id] ==> ignore
    arg [--eh-frame-hdr] ==> ignore
    arg [-m] ==> ignore
    arg [elf_x86_64] ==> ignore
    arg [-dynamic-linker] ==> ignore
    arg [/lib64/ld-linux-x86-64.so.2] ==> ignore
    arg [-o] ==> ignore
    arg [cmTC_f9e03] ==> ignore
    arg [/usr/lib64/gcc/x86_64-suse-linux/11/../../../../lib64/crt1.o] ==> obj [/usr/lib64/gcc/x86_64-suse-linux/11/../../../../lib64/crt1.o]
    arg [/usr/lib64/gcc/x86_64-suse-linux/11/../../../../lib64/crti.o] ==> obj [/usr/lib64/gcc/x86_64-suse-linux/11/../../../../lib64/crti.o]
    arg [/usr/lib64/gcc/x86_64-suse-linux/11/crtbegin.o] ==> obj [/usr/lib64/gcc/x86_64-suse-linux/11/crtbegin.o]
    arg [-L/usr/lib64/gcc/x86_64-suse-linux/11] ==> dir [/usr/lib64/gcc/x86_64-suse-linux/11]
    arg [-L/usr/lib64/gcc/x86_64-suse-linux/11/../../../../lib64] ==> dir [/usr/lib64/gcc/x86_64-suse-linux/11/../../../../lib64]
    arg [-L/lib/../lib64] ==> dir [/lib/../lib64]
    arg [-L/usr/lib/../lib64] ==> dir [/usr/lib/../lib64]
    arg [-L/usr/lib64/gcc/x86_64-suse-linux/11/../../../../x86_64-suse-linux/lib] ==> dir [/usr/lib64/gcc/x86_64-suse-linux/11/../../../../x86_64-suse-linux/lib]
    arg [-L/usr/lib64/gcc/x86_64-suse-linux/11/../../..] ==> dir [/usr/lib64/gcc/x86_64-suse-linux/11/../../..]
    arg [CMakeFiles/cmTC_f9e03.dir/CMakeCCompilerABI.c.o] ==> ignore
    arg [-lgcc] ==> lib [gcc]
    arg [--push-state] ==> ignore
    arg [--as-needed] ==> ignore
    arg [-lgcc_s] ==> lib [gcc_s]
    arg [--pop-state] ==> ignore
    arg [-lc] ==> lib [c]
    arg [-lgcc] ==> lib [gcc]
    arg [--push-state] ==> ignore
    arg [--as-needed] ==> ignore
    arg [-lgcc_s] ==> lib [gcc_s]
    arg [--pop-state] ==> ignore
    arg [/usr/lib64/gcc/x86_64-suse-linux/11/crtend.o] ==> obj [/usr/lib64/gcc/x86_64-suse-linux/11/crtend.o]
    arg [/usr/lib64/gcc/x86_64-suse-linux/11/../../../../lib64/crtn.o] ==> obj [/usr/lib64/gcc/x86_64-suse-linux/11/../../../../lib64/crtn.o]
  collapse obj [/usr/lib64/gcc/x86_64-suse-linux/11/../../../../lib64/crt1.o] ==> [/usr/lib64/crt1.o]
  collapse obj [/usr/lib64/gcc/x86_64-suse-linux/11/../../../../lib64/crti.o] ==> [/usr/lib64/crti.o]
  collapse obj [/usr/lib64/gcc/x86_64-suse-linux/11/../../../../lib64/crtn.o] ==> [/usr/lib64/crtn.o]
  collapse library dir [/usr/lib64/gcc/x86_64-suse-linux/11] ==> [/usr/lib64/gcc/x86_64-suse-linux/11]
  collapse library dir [/usr/lib64/gcc/x86_64-suse-linux/11/../../../../lib64] ==> [/usr/lib64]
  collapse library dir [/lib/../lib64] ==> [/lib64]
  collapse library dir [/usr/lib/../lib64] ==> [/usr/lib64]
  collapse library dir [/usr/lib64/gcc/x86_64-suse-linux/11/../../../../x86_64-suse-linux/lib] ==> [/usr/x86_64-suse-linux/lib]
  collapse library dir [/usr/lib64/gcc/x86_64-suse-linux/11/../../..] ==> [/usr/lib64]
  implicit libs: [gcc;gcc_s;c;gcc;gcc_s]
  implicit objs: [/usr/lib64/crt1.o;/usr/lib64/crti.o;/usr/lib64/gcc/x86_64-suse-linux/11/crtbegin.o;/usr/lib64/gcc/x86_64-suse-linux/11/crtend.o;/usr/lib64/crtn.o]
  implicit dirs: [/usr/lib64/gcc/x86_64-suse-linux/11;/usr/lib64;/lib64;/usr/x86_64-suse-linux/lib]
  implicit fwks: []


Detecting CXX compiler ABI info compiled with the following output:
Change Dir: /home/vladislav/seminars/c++/seminars_examples/sem1-2/Cmake_eigen/build/CMakeFiles/CMakeTmp

Run Build Command(s):/usr/bin/gmake -f Makefile cmTC_2f304/fast && /usr/bin/gmake  -f CMakeFiles/cmTC_2f304.dir/build.make CMakeFiles/cmTC_2f304.dir/build
gmake[1]: Entering directory '/home/vladislav/seminars/c++/seminars_examples/sem1-2/Cmake_eigen/build/CMakeFiles/CMakeTmp'
Building CXX object CMakeFiles/cmTC_2f304.dir/CMakeCXXCompilerABI.cpp.o
/usr/bin/c++   -v -o CMakeFiles/cmTC_2f304.dir/CMakeCXXCompilerABI.cpp.o -c /usr/share/cmake/Modules/CMakeCXXCompilerABI.cpp
Using built-in specs.
COLLECT_GCC=/usr/bin/c++
OFFLOAD_TARGET_NAMES=nvptx-none:amdgcn-amdhsa
OFFLOAD_TARGET_DEFAULT=1
Target: x86_64-suse-linux
Configured with: ../configure --prefix=/usr --infodir=/usr/share/info --mandir=/usr/share/man --libdir=/usr/lib64 --libexecdir=/usr/lib64 --enable-languages=c,c++,objc,fortran,obj-c++,ada,go,d,jit --enable-offload-targets=nvptx-none,amdgcn-amdhsa, --without-cuda-driver --enable-host-shared --enable-checking=release --disable-werror --with-gxx-include-dir=/usr/include/c++/11 --enable-ssp --disable-libssp --disable-libvtv --enable-cet=auto --disable-libcc1 --enable-plugin --with-bugurl=https://bugs.opensuse.org/ --with-pkgversion='SUSE Linux' --with-slibdir=/lib64 --with-system-zlib --enable-libstdcxx-allocator=new --disable-libstdcxx-pch --enable-libphobos --enable-version-specific-runtime-libs --with-gcc-major-version-only --enable-linker-build-id --enable-linux-futex --enable-gnu-indirect-function --program-suffix=-11 --without-system-libunwind --enable-multilib --with-arch-32=x86-64 --with-tune=generic --with-build-config=bootstrap-lto-lean --enable-link-mutex --build=x86_64-suse-linux --host=x86_64-suse-linux
Thread model: posix
Supported LTO compression algorithms: zlib zstd
gcc version 11.2.1 20220103 [revision d4a1d3c4b377f1d4acb34fe1b55b5088a3f293f6] (SUSE Linux) 
COLLECT_GCC_OPTIONS='-v' '-o' 'CMakeFiles/cmTC_2f304.dir/CMakeCXXCompilerABI.cpp.o' '-c' '-shared-libgcc' '-mtune=generic' '-march=x86-64' '-dumpdir' 'CMakeFiles/cmTC_2f304.dir/'
 /usr/lib64/gcc/x86_64-suse-linux/11/cc1plus -quiet -v -D_GNU_SOURCE /usr/share/cmake/Modules/CMakeCXXCompilerABI.cpp -quiet -dumpdir CMakeFiles/cmTC_2f304.dir/ -dumpbase CMakeCXXCompilerABI.cpp.cpp -dumpbase-ext .cpp -mtune=generic -march=x86-64 -version -o /tmp/cclNp52J.s
GNU C++17 (SUSE Linux) version 11.2.1 20220103 [revision d4a1d3c4b377f1d4acb34fe1b55b5088a3f293f6] (x86_64-suse-linux)
	compiled by GNU C version 11.2.1 20220103 [revision d4a1d3c4b377f1d4acb34fe1b55b5088a3f293f6], GMP version 6.2.1, MPFR version 4.1.0-p7, MPC version 1.2.1, isl version isl-0.24-GMP

GGC heuristics: --param ggc-min-expand=100 --param ggc-min-heapsize=131072
#include "..." search starts here:
#include <...> search starts here:
 /usr/include/c++/11
 /usr/include/c++/11/x86_64-suse-linux
 /usr/include/c++/11/backward
 /usr/lib64/gcc/x86_64-suse-linux/11/include
 /usr/local/include
 /usr/lib64/gcc/x86_64-suse-linux/11/include-fixed
 /usr/lib64/gcc/x86_64-suse-linux/11/../../../../x86_64-suse-linux/include
 /usr/include
End of search list.
GNU C++17 (SUSE Linux) version 11.2.1 20220103 [revision d4a1d3c4b377f1d4acb34fe1b55b5088a3f293f6] (x86_64-suse-linux)
	compiled by GNU C version 11.2.1 20220103 [revision d4a1d3c4b377f1d4acb34fe1b55b5088a3f293f6], GMP version 6.2.1, MPFR version 4.1.0-p7, MPC version 1.2.1, isl version isl-0.24-GMP

GGC heuristics: --param ggc-min-expand=100 --param ggc-min-heapsize=131072
Compiler executable checksum: 00000000000000000000000000000000
COLLECT_GCC_OPTIONS='-v' '-o' 'CMakeFiles/cmTC_2f304.dir/CMakeCXXCompilerABI.cpp.o' '-c' '-shared-libgcc' '-mtune=generic' '-march=x86-64' '-dumpdir' 'CMakeFiles/cmTC_2f304.dir/'
 /usr/lib64/gcc/x86_64-suse-linux/11/../../../../x86_64-suse-linux/bin/as -v --64 -o CMakeFiles/cmTC_2f304.dir/CMakeCXXCompilerABI.cpp.o /tmp/cclNp52J.s
GNU assembler version 2.37 (x86_64-suse-linux) using BFD version (GNU Binutils; openSUSE Tumbleweed) 2.37.20211112-3
COMPILER_PATH=/usr/lib64/gcc/x86_64-suse-linux/11/:/usr/lib64/gcc/x86_64-suse-linux/11/:/usr/lib64/gcc/x86_64-suse-linux/:/usr/lib64/gcc/x86_64-suse-linux/11/:/usr/lib64/gcc/x86_64-suse-linux/:/usr/lib64/gcc/x86_64-suse-linux/11/../../../../x86_64-suse-linux/bin/
LIBRARY_PATH=/usr/lib64/gcc/x86_64-suse-linux/11/:/usr/lib64/gcc/x86_64-suse-linux/11/../../../../lib64/:/lib/../lib64/:/usr/lib/../lib64/:/usr/lib64/gcc/x86_64-suse-linux/11/../../../../x86_64-suse-linux/lib/:/usr/lib64/gcc/x86_64-suse-linux/11/../../../:/lib/:/usr/lib/
COLLECT_GCC_OPTIONS='-v' '-o' 'CMakeFiles/cmTC_2f304.dir/CMakeCXXCompilerABI.cpp.o' '-c' '-shared-libgcc' '-mtune=generic' '-march=x86-64' '-dumpdir' 'CMakeFiles/cmTC_2f304.dir/CMakeCXXCompilerABI.cpp.'
Linking CXX executable cmTC_2f304
/usr/bin/cmake -E cmake_link_script CMakeFiles/cmTC_2f304.dir/link.txt --verbose=1
/usr/bin/c++  -v CMakeFiles/cmTC_2f304.dir/CMakeCXXCompilerABI.cpp.o -o cmTC_2f304 
Using built-in specs.
COLLECT_GCC=/usr/bin/c++
COLLECT_LTO_WRAPPER=/usr/lib64/gcc/x86_64-suse-linux/11/lto-wrapper
OFFLOAD_TARGET_NAMES=nvptx-none:amdgcn-amdhsa
OFFLOAD_TARGET_DEFAULT=1
Target: x86_64-suse-linux
Configured with: ../configure --prefix=/usr --infodir=/usr/share/info --mandir=/usr/share/man --libdir=/usr/lib64 --libexecdir=/usr/lib64 --enable-languages=c,c++,objc,fortran,obj-c++,ada,go,d,jit --enable-offload-targets=nvptx-none,amdgcn-amdhsa, --without-cuda-driver --enable-host-shared --enable-checking=release --disable-werror --with-gxx-include-dir=/usr/include/c++/11 --enable-ssp --disable-libssp --disable-libvtv --enable-cet=auto --disable-libcc1 --enable-plugin --with-bugurl=https://bugs.opensuse.org/ --with-pkgversion='SUSE Linux' --with-slibdir=/lib64 --with-system-zlib --enable-libstdcxx-allocator=new --disable-libstdcxx-pch --enable-libphobos --enable-version-specific-runtime-libs --with-gcc-major-version-only --enable-linker-build-id --enable-linux-futex --enable-gnu-indirect-function --program-suffix=-11 --without-system-libunwind --enable-multilib --with-arch-32=x86-64 --with-tune=generic --with-build-config=bootstrap-lto-lean --enable-link-mutex --build=x86_64-suse-linux --host=x86_64-suse-linux
Thread model: posix
Supported LTO compression algorithms: zlib zstd
gcc version 11.2.1 20220103 [revision d4a1d3c4b377f1d4acb34fe1b55b5088a3f293f6] (SUSE Linux) 
COMPILER_PATH=/usr/lib64/gcc/x86_64-suse-linux/11/:/usr/lib64/gcc/x86_64-suse-linux/11/:/usr/lib64/gcc/x86_64-suse-linux/:/usr/lib64/gcc/x86_64-suse-linux/11/:/usr/lib64/gcc/x86_64-suse-linux/:/usr/lib64/gcc/x86_64-suse-linux/11/../../../../x86_64-suse-linux/bin/
LIBRARY_PATH=/usr/lib64/gcc/x86_64-suse-linux/11/:/usr/lib64/gcc/x86_64-suse-linux/11/../../../../lib64/:/lib/../lib64/:/usr/lib/../lib64/:/usr/lib64/gcc/x86_64-suse-linux/11/../../../../x86_64-suse-linux/lib/:/usr/lib64/gcc/x86_64-suse-linux/11/../../../:/lib/:/usr/lib/
COLLECT_GCC_OPTIONS='-v' '-o' 'cmTC_2f304' '-shared-libgcc' '-mtune=generic' '-march=x86-64' '-dumpdir' 'cmTC_2f304.'
 /usr/lib64/gcc/x86_64-suse-linux/11/collect2 -plugin /usr/lib64/gcc/x86_64-suse-linux/11/liblto_plugin.so -plugin-opt=/usr/lib64/gcc/x86_64-suse-linux/11/lto-wrapper -plugin-opt=-fresolution=/tmp/ccMjBq0x.res -plugin-opt=-pass-through=-lgcc_s -plugin-opt=-pass-through=-lgcc -plugin-opt=-pass-through=-lc -plugin-opt=-pass-through=-lgcc_s -plugin-opt=-pass-through=-lgcc --build-id --eh-frame-hdr -m elf_x86_64 -dynamic-linker /lib64/ld-linux-x86-64.so.2 -o cmTC_2f304 /usr/lib64/gcc/x86_64-suse-linux/11/../../../../lib64/crt1.o /usr/lib64/gcc/x86_64-suse-linux/11/../../../../lib64/crti.o /usr/lib64/gcc/x86_64-suse-linux/11/crtbegin.o -L/usr/lib64/gcc/x86_64-suse-linux/11 -L/usr/lib64/gcc/x86_64-suse-linux/11/../../../../lib64 -L/lib/../lib64 -L/usr/lib/../lib64 -L/usr/lib64/gcc/x86_64-suse-linux/11/../../../../x86_64-suse-linux/lib -L/usr/lib64/gcc/x86_64-suse-linux/11/../../.. CMakeFiles/cmTC_2f304.dir/CMakeCXXCompilerABI.cpp.o -lstdc++ -lm -lgcc_s -lgcc -lc -lgcc_s -lgcc /usr/lib64/gcc/x86_64-suse-linux/11/crtend.o /usr/lib64/gcc/x86_64-suse-linux/11/../../../../lib64/crtn.o
COLLECT_GCC_OPTIONS='-v' '-o' 'cmTC_2f304' '-shared-libgcc' '-mtune=generic' '-march=x86-64' '-dumpdir' 'cmTC_2f304.'
gmake[1]: Leaving directory '/home/vladislav/seminars/c++/seminars_examples/sem1-2/Cmake_eigen/build/CMakeFiles/CMakeTmp'



Parsed CXX implicit include dir info from above output: rv=done
  found start of include info
  found start of implicit include info
    add: [/usr/include/c++/11]
    add: [/usr/include/c++/11/x86_64-suse-linux]
    add: [/usr/include/c++/11/backward]
    add: [/usr/lib64/gcc/x86_64-suse-linux/11/include]
    add: [/usr/local/include]
    add: [/usr/lib64/gcc/x86_64-suse-linux/11/include-fixed]
    add: [/usr/lib64/gcc/x86_64-suse-linux/11/../../../../x86_64-suse-linux/include]
    add: [/usr/include]
  end of search list found
  collapse include dir [/usr/include/c++/11] ==> [/usr/include/c++/11]
  collapse include dir [/usr/include/c++/11/x86_64-suse-linux] ==> [/usr/include/c++/11/x86_64-suse-linux]
  collapse include dir [/usr/include/c++/11/backward] ==> [/usr/include/c++/11/backward]
  collapse include dir [/usr/lib64/gcc/x86_64-suse-linux/11/include] ==> [/usr/lib64/gcc/x86_64-suse-linux/11/include]
  collapse include dir [/usr/local/include] ==> [/usr/local/include]
  collapse include dir [/usr/lib64/gcc/x86_64-suse-linux/11/include-fixed] ==> [/usr/lib64/gcc/x86_64-suse-linux/11/include-fixed]
  collapse include dir [/usr/lib64/gcc/x86_64-suse-linux/11/../../../../x86_64-suse-linux/include] ==> [/usr/x86_64-suse-linux/include]
  collapse include dir [/usr/include] ==> [/usr/include]
  implicit include dirs: [/usr/include/c++/11;/usr/include/c++/11/x86_64-suse-linux;/usr/include/c++/11/backward;/usr/lib64/gcc/x86_64-suse-linux/11/include;/usr/local/include;/usr/lib64/gcc/x86_64-suse-linux/11/include-fixed;/usr/x86_64-suse-linux/include;/usr/include]


Parsed CXX implicit link information from above output:
  link line regex: [^( *|.*[/\])(ld|CMAKE_LINK_STARTFILE-NOTFOUND|([^/\]+-)?ld|collect2)[^/\]*( |$)]
  ignore line: [Change Dir: /home/vladislav/seminars/c++/seminars_examples/sem1-2/Cmake_eigen/build/CMakeFiles/CMakeTmp]
  ignore line: []
  ignore line: [Run Build Command(s):/usr/bin/gmake -f Makefile cmTC_2f304/fast && /usr/bin/gmake  -f CMakeFiles/cmTC_2f304.dir/build.make CMakeFiles/cmTC_2f304.dir/build]
  ignore line: [gmake[1]: Entering directory '/home/vladislav/seminars/c++/seminars_examples/sem1-2/Cmake_eigen/build/CMakeFiles/CMakeTmp']
  ignore line: [Building CXX object CMakeFiles/cmTC_2f304.dir/CMakeCXXCompilerABI.cpp.o]
  ignore line: [/usr/bin/c++   -v -o CMakeFiles/cmTC_2f304.dir/CMakeCXXCompilerABI.cpp.o -c /usr/share/cmake/Modules/CMakeCXXCompilerABI.cpp]
  ignore line: [Using built-in specs.]
  ignore line: [COLLECT_GCC=/usr/bin/c++]
  ignore line: [OFFLOAD_TARGET_NAMES=nvptx-none:amdgcn-amdhsa]
  ignore line: [OFFLOAD_TARGET_DEFAULT=1]
  ignore line: [Target: x86_64-suse-linux]
  ignore line: [Configured with: ../configure --prefix=/usr --infodir=/usr/share/info --mandir=/usr/share/man --libdir=/usr/lib64 --libexecdir=/usr/lib64 --enable-languages=c c++ objc fortran obj-c++ ada go d jit --enable-offload-targets=nvptx-none amdgcn-amdhsa  --without-cuda-driver --enable-host-shared --enable-checking=release --disable-werror --with-gxx-include-dir=/usr/include/c++/11 --enable-ssp --disable-libssp --disable-libvtv --enable-cet=auto --disable-libcc1 --enable-plugin --with-bugurl=https://bugs.opensuse.org/ --with-pkgversion='SUSE Linux' --with-slibdir=/lib64 --with-system-zlib --enable-libstdcxx-allocator=new --disable-libstdcxx-pch --enable-libphobos --enable-version-specific-runtime-libs --with-gcc-major-version-only --enable-linker-build-id --enable-linux-futex --enable-gnu-indirect-function --program-suffix=-11 --without-system-libunwind --enable-multilib --with-arch-32=x86-64 --with-tune=generic --with-build-config=bootstrap-lto-lean --enable-link-mutex --build=x86_64-suse-linux --host=x86_64-suse-linux]
  ignore line: [Thread model: posix]
  ignore line: [Supported LTO compression algorithms: zlib zstd]
  ignore line: [gcc version 11.2.1 20220103 [revision d4a1d3c4b377f1d4acb34fe1b55b5088a3f293f6] (SUSE Linux) ]
  ignore line: [COLLECT_GCC_OPTIONS='-v' '-o' 'CMakeFiles/cmTC_2f304.dir/CMakeCXXCompilerABI.cpp.o' '-c' '-shared-libgcc' '-mtune=generic' '-march=x86-64' '-dumpdir' 'CMakeFiles/cmTC_2f304.dir/']
  ignore line: [ /usr/lib64/gcc/x86_64-suse-linux/11/cc1plus -quiet -v -D_GNU_SOURCE /usr/share/cmake/Modules/CMakeCXXCompilerABI.cpp -quiet -dumpdir CMakeFiles/cmTC_2f304.dir/ -dumpbase CMakeCXXCompilerABI.cpp.cpp -dumpbase-ext .cpp -mtune=generic -march=x86-64 -version -o /tmp/cclNp52J.s]
  ignore line: [GNU C++17 (SUSE Linux) version 11.2.1 20220103 [revision d4a1d3c4b377f1d4acb34fe1b55b5088a3f293f6] (x86_64-suse-linux)]
  ignore line: [	compiled by GNU C version 11.2.1 20220103 [revision d4a1d3c4b377f1d4acb34fe1b55b5088a3f293f6]  GMP version 6.2.1  MPFR version 4.1.0-p7  MPC version 1.2.1  isl version isl-0.24-GMP]
  ignore line: []
  ignore line: [GGC heuristics: --param ggc-min-expand=100 --param ggc-min-heapsize=131072]
  ignore line: [#include "..." search starts here:]
  ignore line: [#include <...> search starts here:]
  ignore line: [ /usr/include/c++/11]
  ignore line: [ /usr/include/c++/11/x86_64-suse-linux]
  ignore line: [ /usr/include/c++/11/backward]
  ignore line: [ /usr/lib64/gcc/x86_64-suse-linux/11/include]
  ignore line: [ /usr/local/include]
  ignore line: [ /usr/lib64/gcc/x86_64-suse-linux/11/include-fixed]
  ignore line: [ /usr/lib64/gcc/x86_64-suse-linux/11/../../../../x86_64-suse-linux/include]
  ignore line: [ /usr/include]
  ignore line: [End of search list.]
  ignore line: [GNU C++17 (SUSE Linux) version 11.2.1 20220103 [revision d4a1d3c4b377f1d4acb34fe1b55b5088a3f293f6] (x86_64-suse-linux)]
  ignore line: [	compiled by GNU C version 11.2.1 20220103 [revision d4a1d3c4b377f1d4acb34fe1b55b5088a3f293f6]  GMP version 6.2.1  MPFR version 4.1.0-p7  MPC version 1.2.1  isl version isl-0.24-GMP]
  ignore line: []
  ignore line: [GGC heuristics: --param ggc-min-expand=100 --param ggc-min-heapsize=131072]
  ignore line: [Compiler executable checksum: 00000000000000000000000000000000]
  ignore line: [COLLECT_GCC_OPTIONS='-v' '-o' 'CMakeFiles/cmTC_2f304.dir/CMakeCXXCompilerABI.cpp.o' '-c' '-shared-libgcc' '-mtune=generic' '-march=x86-64' '-dumpdir' 'CMakeFiles/cmTC_2f304.dir/']
  ignore line: [ /usr/lib64/gcc/x86_64-suse-linux/11/../../../../x86_64-suse-linux/bin/as -v --64 -o CMakeFiles/cmTC_2f304.dir/CMakeCXXCompilerABI.cpp.o /tmp/cclNp52J.s]
  ignore line: [GNU assembler version 2.37 (x86_64-suse-linux) using BFD version (GNU Binutils]
  ignore line: [ openSUSE Tumbleweed) 2.37.20211112-3]
  ignore line: [COMPILER_PATH=/usr/lib64/gcc/x86_64-suse-linux/11/:/usr/lib64/gcc/x86_64-suse-linux/11/:/usr/lib64/gcc/x86_64-suse-linux/:/usr/lib64/gcc/x86_64-suse-linux/11/:/usr/lib64/gcc/x86_64-suse-linux/:/usr/lib64/gcc/x86_64-suse-linux/11/../../../../x86_64-suse-linux/bin/]
  ignore line: [LIBRARY_PATH=/usr/lib64/gcc/x86_64-suse-linux/11/:/usr/lib64/gcc/x86_64-suse-linux/11/../../../../lib64/:/lib/../lib64/:/usr/lib/../lib64/:/usr/lib64/gcc/x86_64-suse-linux/11/../../../../x86_64-suse-linux/lib/:/usr/lib64/gcc/x86_64-suse-linux/11/../../../:/lib/:/usr/lib/]
  ignore line: [COLLECT_GCC_OPTIONS='-v' '-o' 'CMakeFiles/cmTC_2f304.dir/CMakeCXXCompilerABI.cpp.o' '-c' '-shared-libgcc' '-mtune=generic' '-march=x86-64' '-dumpdir' 'CMakeFiles/cmTC_2f304.dir/CMakeCXXCompilerABI.cpp.']
  ignore line: [Linking CXX executable cmTC_2f304]
  ignore line: [/usr/bin/cmake -E cmake_link_script CMakeFiles/cmTC_2f304.dir/link.txt --verbose=1]
  ignore line: [/usr/bin/c++  -v CMakeFiles/cmTC_2f304.dir/CMakeCXXCompilerABI.cpp.o -o cmTC_2f304 ]
  ignore line: [Using built-in specs.]
  ignore line: [COLLECT_GCC=/usr/bin/c++]
  ignore line: [COLLECT_LTO_WRAPPER=/usr/lib64/gcc/x86_64-suse-linux/11/lto-wrapper]
  ignore line: [OFFLOAD_TARGET_NAMES=nvptx-none:amdgcn-amdhsa]
  ignore line: [OFFLOAD_TARGET_DEFAULT=1]
  ignore line: [Target: x86_64-suse-linux]
  ignore line: [Configured with: ../configure --prefix=/usr --infodir=/usr/share/info --mandir=/usr/share/man --libdir=/usr/lib64 --libexecdir=/usr/lib64 --enable-languages=c c++ objc fortran obj-c++ ada go d jit --enable-offload-targets=nvptx-none amdgcn-amdhsa  --without-cuda-driver --enable-host-shared --enable-checking=release --disable-werror --with-gxx-include-dir=/usr/include/c++/11 --enable-ssp --disable-libssp --disable-libvtv --enable-cet=auto --disable-libcc1 --enable-plugin --with-bugurl=https://bugs.opensuse.org/ --with-pkgversion='SUSE Linux' --with-slibdir=/lib64 --with-system-zlib --enable-libstdcxx-allocator=new --disable-libstdcxx-pch --enable-libphobos --enable-version-specific-runtime-libs --with-gcc-major-version-only --enable-linker-build-id --enable-linux-futex --enable-gnu-indirect-function --program-suffix=-11 --without-system-libunwind --enable-multilib --with-arch-32=x86-64 --with-tune=generic --with-build-config=bootstrap-lto-lean --enable-link-mutex --build=x86_64-suse-linux --host=x86_64-suse-linux]
  ignore line: [Thread model: posix]
  ignore line: [Supported LTO compression algorithms: zlib zstd]
  ignore line: [gcc version 11.2.1 20220103 [revision d4a1d3c4b377f1d4acb34fe1b55b5088a3f293f6] (SUSE Linux) ]
  ignore line: [COMPILER_PATH=/usr/lib64/gcc/x86_64-suse-linux/11/:/usr/lib64/gcc/x86_64-suse-linux/11/:/usr/lib64/gcc/x86_64-suse-linux/:/usr/lib64/gcc/x86_64-suse-linux/11/:/usr/lib64/gcc/x86_64-suse-linux/:/usr/lib64/gcc/x86_64-suse-linux/11/../../../../x86_64-suse-linux/bin/]
  ignore line: [LIBRARY_PATH=/usr/lib64/gcc/x86_64-suse-linux/11/:/usr/lib64/gcc/x86_64-suse-linux/11/../../../../lib64/:/lib/../lib64/:/usr/lib/../lib64/:/usr/lib64/gcc/x86_64-suse-linux/11/../../../../x86_64-suse-linux/lib/:/usr/lib64/gcc/x86_64-suse-linux/11/../../../:/lib/:/usr/lib/]
  ignore line: [COLLECT_GCC_OPTIONS='-v' '-o' 'cmTC_2f304' '-shared-libgcc' '-mtune=generic' '-march=x86-64' '-dumpdir' 'cmTC_2f304.']
  link line: [ /usr/lib64/gcc/x86_64-suse-linux/11/collect2 -plugin /usr/lib64/gcc/x86_64-suse-linux/11/liblto_plugin.so -plugin-opt=/usr/lib64/gcc/x86_64-suse-linux/11/lto-wrapper -plugin-opt=-fresolution=/tmp/ccMjBq0x.res -plugin-opt=-pass-through=-lgcc_s -plugin-opt=-pass-through=-lgcc -plugin-opt=-pass-through=-lc -plugin-opt=-pass-through=-lgcc_s -plugin-opt=-pass-through=-lgcc --build-id --eh-frame-hdr -m elf_x86_64 -dynamic-linker /lib64/ld-linux-x86-64.so.2 -o cmTC_2f304 /usr/lib64/gcc/x86_64-suse-linux/11/../../../../lib64/crt1.o /usr/lib64/gcc/x86_64-suse-linux/11/../../../../lib64/crti.o /usr/lib64/gcc/x86_64-suse-linux/11/crtbegin.o -L/usr/lib64/gcc/x86_64-suse-linux/11 -L/usr/lib64/gcc/x86_64-suse-linux/11/../../../../lib64 -L/lib/../lib64 -L/usr/lib/../lib64 -L/usr/lib64/gcc/x86_64-suse-linux/11/../../../../x86_64-suse-linux/lib -L/usr/lib64/gcc/x86_64-suse-linux/11/../../.. CMakeFiles/cmTC_2f304.dir/CMakeCXXCompilerABI.cpp.o -lstdc++ -lm -lgcc_s -lgcc -lc -lgcc_s -lgcc /usr/lib64/gcc/x86_64-suse-linux/11/crtend.o /usr/lib64/gcc/x86_64-suse-linux/11/../../../../lib64/crtn.o]
    arg [/usr/lib64/gcc/x86_64-suse-linux/11/collect2] ==> ignore
    arg [-plugin] ==> ignore
    arg [/usr/lib64/gcc/x86_64-suse-linux/11/liblto_plugin.so] ==> ignore
    arg [-plugin-opt=/usr/lib64/gcc/x86_64-suse-linux/11/lto-wrapper] ==> ignore
    arg [-plugin-opt=-fresolution=/tmp/ccMjBq0x.res] ==> ignore
    arg [-plugin-opt=-pass-through=-lgcc_s] ==> ignore
    arg [-plugin-opt=-pass-through=-lgcc] ==> ignore
    arg [-plugin-opt=-pass-through=-lc] ==> ignore
    arg [-plugin-opt=-pass-through=-lgcc_s] ==> ignore
    arg [-plugin-opt=-pass-through=-lgcc] ==> ignore
    arg [--build-id] ==> ignore
    arg [--eh-frame-hdr] ==> ignore
    arg [-m] ==> ignore
    arg [elf_x86_64] ==> ignore
    arg [-dynamic-linker] ==> ignore
    arg [/lib64/ld-linux-x86-64.so.2] ==> ignore
    arg [-o] ==> ignore
    arg [cmTC_2f304] ==> ignore
    arg [/usr/lib64/gcc/x86_64-suse-linux/11/../../../../lib64/crt1.o] ==> obj [/usr/lib64/gcc/x86_64-suse-linux/11/../../../../lib64/crt1.o]
    arg [/usr/lib64/gcc/x86_64-suse-linux/11/../../../../lib64/crti.o] ==> obj [/usr/lib64/gcc/x86_64-suse-linux/11/../../../../lib64/crti.o]
    arg [/usr/lib64/gcc/x86_64-suse-linux/11/crtbegin.o] ==> obj [/usr/lib64/gcc/x86_64-suse-linux/11/crtbegin.o]
    arg [-L/usr/lib64/gcc/x86_64-suse-linux/11] ==> dir [/usr/lib64/gcc/x86_64-suse-linux/11]
    arg [-L/usr/lib64/gcc/x86_64-suse-linux/11/../../../../lib64] ==> dir [/usr/lib64/gcc/x86_64-suse-linux/11/../../../../lib64]
    arg [-L/lib/../lib64] ==> dir [/lib/../lib64]
    arg [-L/usr/lib/../lib64] ==> dir [/usr/lib/../lib64]
    arg [-L/usr/lib64/gcc/x86_64-suse-linux/11/../../../../x86_64-suse-linux/lib] ==> dir [/usr/lib64/gcc/x86_64-suse-linux/11/../../../../x86_64-suse-linux/lib]
    arg [-L/usr/lib64/gcc/x86_64-suse-linux/11/../../..] ==> dir [/usr/lib64/gcc/x86_64-suse-linux/11/../../..]
    arg [CMakeFiles/cmTC_2f304.dir/CMakeCXXCompilerABI.cpp.o] ==> ignore
    arg [-lstdc++] ==> lib [stdc++]
    arg [-lm] ==> lib [m]
    arg [-lgcc_s] ==> lib [gcc_s]
    arg [-lgcc] ==> lib [gcc]
    arg [-lc] ==> lib [c]
    arg [-lgcc_s] ==> lib [gcc_s]
    arg [-lgcc] ==> lib [gcc]
    arg [/usr/lib64/gcc/x86_64-suse-linux/11/crtend.o] ==> obj [/usr/lib64/gcc/x86_64-suse-linux/11/crtend.o]
    arg [/usr/lib64/gcc/x86_64-suse-linux/11/../../../../lib64/crtn.o] ==> obj [/usr/lib64/gcc/x86_64-suse-linux/11/../../../../lib64/crtn.o]
  collapse obj [/usr/lib64/gcc/x86_64-suse-linux/11/../../../../lib64/crt1.o] ==> [/usr/lib64/crt1.o]
  collapse obj [/usr/lib64/gcc/x86_64-suse-linux/11/../../../../lib64/crti.o] ==> [/usr/lib64/crti.o]
  collapse obj [/usr/lib64/gcc/x86_64-suse-linux/11/../../../../lib64/crtn.o] ==> [/usr/lib64/crtn.o]
  collapse library dir [/usr/lib64/gcc/x86_64-suse-linux/11] ==> [/usr/lib64/gcc/x86_64-suse-linux/11]
  collapse library dir [/usr/lib64/gcc/x86_64-suse-linux/11/../../../../lib64] ==> [/usr/lib64]
  collapse library dir [/lib/../lib64] ==> [/lib64]
  collapse library dir [/usr/lib/../lib64] ==> [/usr/lib64]
  collapse library dir [/usr/lib64/gcc/x86_64-suse-linux/11/../../../../x86_64-suse-linux/lib] ==> [/usr/x86_64-suse-linux/lib]
  collapse library dir [/usr/lib64/gcc/x86_64-suse-linux/11/../../..] ==> [/usr/lib64]
  implicit libs: [stdc++;m;gcc_s;gcc;c;gcc_s;gcc]
  implicit objs: [/usr/lib64/crt1.o;/usr/lib64/crti.o;/usr/lib64/gcc/x86_64-suse-linux/11/crtbegin.o;/usr/lib64/gcc/x86_64-suse-linux/11/crtend.o;/usr/lib64/crtn.o]
  implicit dirs: [/usr/lib64/gcc/x86_64-suse-linux/11;/usr/lib64;/lib64;/usr/x86_64-suse-linux/lib]
  implicit fwks: []


Performing C++ SOURCE FILE Test EIGEN_COMPILER_SUPPORT_CPP11 succeeded with the following output:
Change Dir: /home/vladislav/seminars/c++/seminars_examples/sem1-2/Cmake_eigen/build/CMakeFiles/CMakeTmp

Run Build Command(s):/usr/bin/gmake -f Makefile cmTC_a76bf/fast && /usr/bin/gmake  -f CMakeFiles/cmTC_a76bf.dir/build.make CMakeFiles/cmTC_a76bf.dir/build
gmake[1]: Entering directory '/home/vladislav/seminars/c++/seminars_examples/sem1-2/Cmake_eigen/build/CMakeFiles/CMakeTmp'
Building CXX object CMakeFiles/cmTC_a76bf.dir/src.cxx.o
/usr/bin/c++ -DEIGEN_COMPILER_SUPPORT_CPP11  -std=c++11 -o CMakeFiles/cmTC_a76bf.dir/src.cxx.o -c /home/vladislav/seminars/c++/seminars_examples/sem1-2/Cmake_eigen/build/CMakeFiles/CMakeTmp/src.cxx
Linking CXX executable cmTC_a76bf
/usr/bin/cmake -E cmake_link_script CMakeFiles/cmTC_a76bf.dir/link.txt --verbose=1
/usr/bin/c++ CMakeFiles/cmTC_a76bf.dir/src.cxx.o -o cmTC_a76bf 
gmake[1]: Leaving directory '/home/vladislav/seminars/c++/seminars_examples/sem1-2/Cmake_eigen/build/CMakeFiles/CMakeTmp'


Source file was:
int main() { return 0; }
Performing C++ SOURCE FILE Test COMPILER_SUPPORT_std=cpp03 succeeded with the following output:
Change Dir: /home/vladislav/seminars/c++/seminars_examples/sem1-2/Cmake_eigen/build/CMakeFiles/CMakeTmp

Run Build Command(s):/usr/bin/gmake -f Makefile cmTC_e29d3/fast && /usr/bin/gmake  -f CMakeFiles/cmTC_e29d3.dir/build.make CMakeFiles/cmTC_e29d3.dir/build
gmake[1]: Entering directory '/home/vladislav/seminars/c++/seminars_examples/sem1-2/Cmake_eigen/build/CMakeFiles/CMakeTmp'
Building CXX object CMakeFiles/cmTC_e29d3.dir/src.cxx.o
/usr/bin/c++ -DCOMPILER_SUPPORT_std=cpp03  -std=c++03 -o CMakeFiles/cmTC_e29d3.dir/src.cxx.o -c /home/vladislav/seminars/c++/seminars_examples/sem1-2/Cmake_eigen/build/CMakeFiles/CMakeTmp/src.cxx
Linking CXX executable cmTC_e29d3
/usr/bin/cmake -E cmake_link_script CMakeFiles/cmTC_e29d3.dir/link.txt --verbose=1
/usr/bin/c++ CMakeFiles/cmTC_e29d3.dir/src.cxx.o -o cmTC_e29d3 
gmake[1]: Leaving directory '/home/vladislav/seminars/c++/seminars_examples/sem1-2/Cmake_eigen/build/CMakeFiles/CMakeTmp'


Source file was:
int main() { return 0; }
Performing C++ SOURCE FILE Test standard_math_library_linked_to_automatically succeeded with the following output:
Change Dir: /home/vladislav/seminars/c++/seminars_examples/sem1-2/Cmake_eigen/build/CMakeFiles/CMakeTmp

Run Build Command(s):/usr/bin/gmake -f Makefile cmTC_161b5/fast && /usr/bin/gmake  -f CMakeFiles/cmTC_161b5.dir/build.make CMakeFiles/cmTC_161b5.dir/build
gmake[1]: Entering directory '/home/vladislav/seminars/c++/seminars_examples/sem1-2/Cmake_eigen/build/CMakeFiles/CMakeTmp'
Building CXX object CMakeFiles/cmTC_161b5.dir/src.cxx.o
/usr/bin/c++ -Dstandard_math_library_linked_to_automatically  -std=c++03  -o CMakeFiles/cmTC_161b5.dir/src.cxx.o -c /home/vladislav/seminars/c++/seminars_examples/sem1-2/Cmake_eigen/build/CMakeFiles/CMakeTmp/src.cxx
Linking CXX executable cmTC_161b5
/usr/bin/cmake -E cmake_link_script CMakeFiles/cmTC_161b5.dir/link.txt --verbose=1
/usr/bin/c++  -std=c++03  CMakeFiles/cmTC_161b5.dir/src.cxx.o -o cmTC_161b5 
gmake[1]: Leaving directory '/home/vladislav/seminars/c++/seminars_examples/sem1-2/Cmake_eigen/build/CMakeFiles/CMakeTmp'


Source file was:

#include<cmath>
int main(int argc, char **){
  return int(std::sin(double(argc)) + std::log(double(argc)));
}
Performing C++ SOURCE FILE Test COMPILER_SUPPORT_WERROR succeeded with the following output:
Change Dir: /home/vladislav/seminars/c++/seminars_examples/sem1-2/Cmake_eigen/build/CMakeFiles/CMakeTmp

Run Build Command(s):/usr/bin/gmake -f Makefile cmTC_29fb8/fast && /usr/bin/gmake  -f CMakeFiles/cmTC_29fb8.dir/build.make CMakeFiles/cmTC_29fb8.dir/build
gmake[1]: Entering directory '/home/vladislav/seminars/c++/seminars_examples/sem1-2/Cmake_eigen/build/CMakeFiles/CMakeTmp'
Building CXX object CMakeFiles/cmTC_29fb8.dir/src.cxx.o
/usr/bin/c++ -DCOMPILER_SUPPORT_WERROR  -std=c++03    -Werror -o CMakeFiles/cmTC_29fb8.dir/src.cxx.o -c /home/vladislav/seminars/c++/seminars_examples/sem1-2/Cmake_eigen/build/CMakeFiles/CMakeTmp/src.cxx
Linking CXX executable cmTC_29fb8
/usr/bin/cmake -E cmake_link_script CMakeFiles/cmTC_29fb8.dir/link.txt --verbose=1
/usr/bin/c++  -std=c++03  CMakeFiles/cmTC_29fb8.dir/src.cxx.o -o cmTC_29fb8 
gmake[1]: Leaving directory '/home/vladislav/seminars/c++/seminars_examples/sem1-2/Cmake_eigen/build/CMakeFiles/CMakeTmp'


Source file was:
int main() { return 0; }
Performing C++ SOURCE FILE Test COMPILER_SUPPORT_pedantic succeeded with the following output:
Change Dir: /home/vladislav/seminars/c++/seminars_examples/sem1-2/Cmake_eigen/build/CMakeFiles/CMakeTmp

Run Build Command(s):/usr/bin/gmake -f Makefile cmTC_b4c18/fast && /usr/bin/gmake  -f CMakeFiles/cmTC_b4c18.dir/build.make CMakeFiles/cmTC_b4c18.dir/build
gmake[1]: Entering directory '/home/vladislav/seminars/c++/seminars_examples/sem1-2/Cmake_eigen/build/CMakeFiles/CMakeTmp'
Building CXX object CMakeFiles/cmTC_b4c18.dir/src.cxx.o
/usr/bin/c++ -DCOMPILER_SUPPORT_pedantic  -std=c++03 -Werror   -pedantic -o CMakeFiles/cmTC_b4c18.dir/src.cxx.o -c /home/vladislav/seminars/c++/seminars_examples/sem1-2/Cmake_eigen/build/CMakeFiles/CMakeTmp/src.cxx
Linking CXX executable cmTC_b4c18
/usr/bin/cmake -E cmake_link_script CMakeFiles/cmTC_b4c18.dir/link.txt --verbose=1
/usr/bin/c++  -std=c++03 -Werror CMakeFiles/cmTC_b4c18.dir/src.cxx.o -o cmTC_b4c18 
gmake[1]: Leaving directory '/home/vladislav/seminars/c++/seminars_examples/sem1-2/Cmake_eigen/build/CMakeFiles/CMakeTmp'


Source file was:
int main() { return 0; }
Performing C++ SOURCE FILE Test COMPILER_SUPPORT_Wall succeeded with the following output:
Change Dir: /home/vladislav/seminars/c++/seminars_examples/sem1-2/Cmake_eigen/build/CMakeFiles/CMakeTmp

Run Build Command(s):/usr/bin/gmake -f Makefile cmTC_a7a94/fast && /usr/bin/gmake  -f CMakeFiles/cmTC_a7a94.dir/build.make CMakeFiles/cmTC_a7a94.dir/build
gmake[1]: Entering directory '/home/vladislav/seminars/c++/seminars_examples/sem1-2/Cmake_eigen/build/CMakeFiles/CMakeTmp'
Building CXX object CMakeFiles/cmTC_a7a94.dir/src.cxx.o
/usr/bin/c++ -DCOMPILER_SUPPORT_Wall  -std=c++03 -pedantic -Werror   -Wall -o CMakeFiles/cmTC_a7a94.dir/src.cxx.o -c /home/vladislav/seminars/c++/seminars_examples/sem1-2/Cmake_eigen/build/CMakeFiles/CMakeTmp/src.cxx
Linking CXX executable cmTC_a7a94
/usr/bin/cmake -E cmake_link_script CMakeFiles/cmTC_a7a94.dir/link.txt --verbose=1
/usr/bin/c++  -std=c++03 -pedantic -Werror CMakeFiles/cmTC_a7a94.dir/src.cxx.o -o cmTC_a7a94 
gmake[1]: Leaving directory '/home/vladislav/seminars/c++/seminars_examples/sem1-2/Cmake_eigen/build/CMakeFiles/CMakeTmp'


Source file was:
int main() { return 0; }
Performing C++ SOURCE FILE Test COMPILER_SUPPORT_Wextra succeeded with the following output:
Change Dir: /home/vladislav/seminars/c++/seminars_examples/sem1-2/Cmake_eigen/build/CMakeFiles/CMakeTmp

Run Build Command(s):/usr/bin/gmake -f Makefile cmTC_44636/fast && /usr/bin/gmake  -f CMakeFiles/cmTC_44636.dir/build.make CMakeFiles/cmTC_44636.dir/build
gmake[1]: Entering directory '/home/vladislav/seminars/c++/seminars_examples/sem1-2/Cmake_eigen/build/CMakeFiles/CMakeTmp'
Building CXX object CMakeFiles/cmTC_44636.dir/src.cxx.o
/usr/bin/c++ -DCOMPILER_SUPPORT_Wextra  -std=c++03 -pedantic -Wall -Werror   -Wextra -o CMakeFiles/cmTC_44636.dir/src.cxx.o -c /home/vladislav/seminars/c++/seminars_examples/sem1-2/Cmake_eigen/build/CMakeFiles/CMakeTmp/src.cxx
Linking CXX executable cmTC_44636
/usr/bin/cmake -E cmake_link_script CMakeFiles/cmTC_44636.dir/link.txt --verbose=1
/usr/bin/c++  -std=c++03 -pedantic -Wall -Werror CMakeFiles/cmTC_44636.dir/src.cxx.o -o cmTC_44636 
gmake[1]: Leaving directory '/home/vladislav/seminars/c++/seminars_examples/sem1-2/Cmake_eigen/build/CMakeFiles/CMakeTmp'


Source file was:
int main() { return 0; }
Performing C++ SOURCE FILE Test COMPILER_SUPPORT_Wundef succeeded with the following output:
Change Dir: /home/vladislav/seminars/c++/seminars_examples/sem1-2/Cmake_eigen/build/CMakeFiles/CMakeTmp

Run Build Command(s):/usr/bin/gmake -f Makefile cmTC_4b4bc/fast && /usr/bin/gmake  -f CMakeFiles/cmTC_4b4bc.dir/build.make CMakeFiles/cmTC_4b4bc.dir/build
gmake[1]: Entering directory '/home/vladislav/seminars/c++/seminars_examples/sem1-2/Cmake_eigen/build/CMakeFiles/CMakeTmp'
Building CXX object CMakeFiles/cmTC_4b4bc.dir/src.cxx.o
/usr/bin/c++ -DCOMPILER_SUPPORT_Wundef  -std=c++03 -pedantic -Wall -Wextra -Werror   -Wundef -o CMakeFiles/cmTC_4b4bc.dir/src.cxx.o -c /home/vladislav/seminars/c++/seminars_examples/sem1-2/Cmake_eigen/build/CMakeFiles/CMakeTmp/src.cxx
Linking CXX executable cmTC_4b4bc
/usr/bin/cmake -E cmake_link_script CMakeFiles/cmTC_4b4bc.dir/link.txt --verbose=1
/usr/bin/c++  -std=c++03 -pedantic -Wall -Wextra -Werror CMakeFiles/cmTC_4b4bc.dir/src.cxx.o -o cmTC_4b4bc 
gmake[1]: Leaving directory '/home/vladislav/seminars/c++/seminars_examples/sem1-2/Cmake_eigen/build/CMakeFiles/CMakeTmp'


Source file was:
int main() { return 0; }
Performing C++ SOURCE FILE Test COMPILER_SUPPORT_Wcastalign succeeded with the following output:
Change Dir: /home/vladislav/seminars/c++/seminars_examples/sem1-2/Cmake_eigen/build/CMakeFiles/CMakeTmp

Run Build Command(s):/usr/bin/gmake -f Makefile cmTC_be11b/fast && /usr/bin/gmake  -f CMakeFiles/cmTC_be11b.dir/build.make CMakeFiles/cmTC_be11b.dir/build
gmake[1]: Entering directory '/home/vladislav/seminars/c++/seminars_examples/sem1-2/Cmake_eigen/build/CMakeFiles/CMakeTmp'
Building CXX object CMakeFiles/cmTC_be11b.dir/src.cxx.o
/usr/bin/c++ -DCOMPILER_SUPPORT_Wcastalign  -std=c++03 -pedantic -Wall -Wextra -Wundef -Werror   -Wcast-align -o CMakeFiles/cmTC_be11b.dir/src.cxx.o -c /home/vladislav/seminars/c++/seminars_examples/sem1-2/Cmake_eigen/build/CMakeFiles/CMakeTmp/src.cxx
Linking CXX executable cmTC_be11b
/usr/bin/cmake -E cmake_link_script CMakeFiles/cmTC_be11b.dir/link.txt --verbose=1
/usr/bin/c++  -std=c++03 -pedantic -Wall -Wextra -Wundef -Werror CMakeFiles/cmTC_be11b.dir/src.cxx.o -o cmTC_be11b 
gmake[1]: Leaving directory '/home/vladislav/seminars/c++/seminars_examples/sem1-2/Cmake_eigen/build/CMakeFiles/CMakeTmp'


Source file was:
int main() { return 0; }
Performing C++ SOURCE FILE Test COMPILER_SUPPORT_Wcharsubscripts succeeded with the following output:
Change Dir: /home/vladislav/seminars/c++/seminars_examples/sem1-2/Cmake_eigen/build/CMakeFiles/CMakeTmp

Run Build Command(s):/usr/bin/gmake -f Makefile cmTC_9442f/fast && /usr/bin/gmake  -f CMakeFiles/cmTC_9442f.dir/build.make CMakeFiles/cmTC_9442f.dir/build
gmake[1]: Entering directory '/home/vladislav/seminars/c++/seminars_examples/sem1-2/Cmake_eigen/build/CMakeFiles/CMakeTmp'
Building CXX object CMakeFiles/cmTC_9442f.dir/src.cxx.o
/usr/bin/c++ -DCOMPILER_SUPPORT_Wcharsubscripts  -std=c++03 -pedantic -Wall -Wextra -Wundef -Wcast-align -Werror   -Wchar-subscripts -o CMakeFiles/cmTC_9442f.dir/src.cxx.o -c /home/vladislav/seminars/c++/seminars_examples/sem1-2/Cmake_eigen/build/CMakeFiles/CMakeTmp/src.cxx
Linking CXX executable cmTC_9442f
/usr/bin/cmake -E cmake_link_script CMakeFiles/cmTC_9442f.dir/link.txt --verbose=1
/usr/bin/c++  -std=c++03 -pedantic -Wall -Wextra -Wundef -Wcast-align -Werror CMakeFiles/cmTC_9442f.dir/src.cxx.o -o cmTC_9442f 
gmake[1]: Leaving directory '/home/vladislav/seminars/c++/seminars_examples/sem1-2/Cmake_eigen/build/CMakeFiles/CMakeTmp'


Source file was:
int main() { return 0; }
Performing C++ SOURCE FILE Test COMPILER_SUPPORT_Wnonvirtualdtor succeeded with the following output:
Change Dir: /home/vladislav/seminars/c++/seminars_examples/sem1-2/Cmake_eigen/build/CMakeFiles/CMakeTmp

Run Build Command(s):/usr/bin/gmake -f Makefile cmTC_77409/fast && /usr/bin/gmake  -f CMakeFiles/cmTC_77409.dir/build.make CMakeFiles/cmTC_77409.dir/build
gmake[1]: Entering directory '/home/vladislav/seminars/c++/seminars_examples/sem1-2/Cmake_eigen/build/CMakeFiles/CMakeTmp'
Building CXX object CMakeFiles/cmTC_77409.dir/src.cxx.o
/usr/bin/c++ -DCOMPILER_SUPPORT_Wnonvirtualdtor  -std=c++03 -pedantic -Wall -Wextra -Wundef -Wcast-align -Wchar-subscripts -Werror   -Wnon-virtual-dtor -o CMakeFiles/cmTC_77409.dir/src.cxx.o -c /home/vladislav/seminars/c++/seminars_examples/sem1-2/Cmake_eigen/build/CMakeFiles/CMakeTmp/src.cxx
Linking CXX executable cmTC_77409
/usr/bin/cmake -E cmake_link_script CMakeFiles/cmTC_77409.dir/link.txt --verbose=1
/usr/bin/c++  -std=c++03 -pedantic -Wall -Wextra -Wundef -Wcast-align -Wchar-subscripts -Werror CMakeFiles/cmTC_77409.dir/src.cxx.o -o cmTC_77409 
gmake[1]: Leaving directory '/home/vladislav/seminars/c++/seminars_examples/sem1-2/Cmake_eigen/build/CMakeFiles/CMakeTmp'


Source file was:
int main() { return 0; }
Performing C++ SOURCE FILE Test COMPILER_SUPPORT_Wunusedlocaltypedefs succeeded with the following output:
Change Dir: /home/vladislav/seminars/c++/seminars_examples/sem1-2/Cmake_eigen/build/CMakeFiles/CMakeTmp

Run Build Command(s):/usr/bin/gmake -f Makefile cmTC_df326/fast && /usr/bin/gmake  -f CMakeFiles/cmTC_df326.dir/build.make CMakeFiles/cmTC_df326.dir/build
gmake[1]: Entering directory '/home/vladislav/seminars/c++/seminars_examples/sem1-2/Cmake_eigen/build/CMakeFiles/CMakeTmp'
Building CXX object CMakeFiles/cmTC_df326.dir/src.cxx.o
/usr/bin/c++ -DCOMPILER_SUPPORT_Wunusedlocaltypedefs  -std=c++03 -pedantic -Wall -Wextra -Wundef -Wcast-align -Wchar-subscripts -Wnon-virtual-dtor -Werror   -Wunused-local-typedefs -o CMakeFiles/cmTC_df326.dir/src.cxx.o -c /home/vladislav/seminars/c++/seminars_examples/sem1-2/Cmake_eigen/build/CMakeFiles/CMakeTmp/src.cxx
Linking CXX executable cmTC_df326
/usr/bin/cmake -E cmake_link_script CMakeFiles/cmTC_df326.dir/link.txt --verbose=1
/usr/bin/c++  -std=c++03 -pedantic -Wall -Wextra -Wundef -Wcast-align -Wchar-subscripts -Wnon-virtual-dtor -Werror CMakeFiles/cmTC_df326.dir/src.cxx.o -o cmTC_df326 
gmake[1]: Leaving directory '/home/vladislav/seminars/c++/seminars_examples/sem1-2/Cmake_eigen/build/CMakeFiles/CMakeTmp'


Source file was:
int main() { return 0; }
Performing C++ SOURCE FILE Test COMPILER_SUPPORT_Wpointerarith succeeded with the following output:
Change Dir: /home/vladislav/seminars/c++/seminars_examples/sem1-2/Cmake_eigen/build/CMakeFiles/CMakeTmp

Run Build Command(s):/usr/bin/gmake -f Makefile cmTC_f2571/fast && /usr/bin/gmake  -f CMakeFiles/cmTC_f2571.dir/build.make CMakeFiles/cmTC_f2571.dir/build
gmake[1]: Entering directory '/home/vladislav/seminars/c++/seminars_examples/sem1-2/Cmake_eigen/build/CMakeFiles/CMakeTmp'
Building CXX object CMakeFiles/cmTC_f2571.dir/src.cxx.o
/usr/bin/c++ -DCOMPILER_SUPPORT_Wpointerarith  -std=c++03 -pedantic -Wall -Wextra -Wundef -Wcast-align -Wchar-subscripts -Wnon-virtual-dtor -Wunused-local-typedefs -Werror   -Wpointer-arith -o CMakeFiles/cmTC_f2571.dir/src.cxx.o -c /home/vladislav/seminars/c++/seminars_examples/sem1-2/Cmake_eigen/build/CMakeFiles/CMakeTmp/src.cxx
Linking CXX executable cmTC_f2571
/usr/bin/cmake -E cmake_link_script CMakeFiles/cmTC_f2571.dir/link.txt --verbose=1
/usr/bin/c++  -std=c++03 -pedantic -Wall -Wextra -Wundef -Wcast-align -Wchar-subscripts -Wnon-virtual-dtor -Wunused-local-typedefs -Werror CMakeFiles/cmTC_f2571.dir/src.cxx.o -o cmTC_f2571 
gmake[1]: Leaving directory '/home/vladislav/seminars/c++/seminars_examples/sem1-2/Cmake_eigen/build/CMakeFiles/CMakeTmp'


Source file was:
int main() { return 0; }
Performing C++ SOURCE FILE Test COMPILER_SUPPORT_Wwritestrings succeeded with the following output:
Change Dir: /home/vladislav/seminars/c++/seminars_examples/sem1-2/Cmake_eigen/build/CMakeFiles/CMakeTmp

Run Build Command(s):/usr/bin/gmake -f Makefile cmTC_09e5c/fast && /usr/bin/gmake  -f CMakeFiles/cmTC_09e5c.dir/build.make CMakeFiles/cmTC_09e5c.dir/build
gmake[1]: Entering directory '/home/vladislav/seminars/c++/seminars_examples/sem1-2/Cmake_eigen/build/CMakeFiles/CMakeTmp'
Building CXX object CMakeFiles/cmTC_09e5c.dir/src.cxx.o
/usr/bin/c++ -DCOMPILER_SUPPORT_Wwritestrings  -std=c++03 -pedantic -Wall -Wextra -Wundef -Wcast-align -Wchar-subscripts -Wnon-virtual-dtor -Wunused-local-typedefs -Wpointer-arith -Werror   -Wwrite-strings -o CMakeFiles/cmTC_09e5c.dir/src.cxx.o -c /home/vladislav/seminars/c++/seminars_examples/sem1-2/Cmake_eigen/build/CMakeFiles/CMakeTmp/src.cxx
Linking CXX executable cmTC_09e5c
/usr/bin/cmake -E cmake_link_script CMakeFiles/cmTC_09e5c.dir/link.txt --verbose=1
/usr/bin/c++  -std=c++03 -pedantic -Wall -Wextra -Wundef -Wcast-align -Wchar-subscripts -Wnon-virtual-dtor -Wunused-local-typedefs -Wpointer-arith -Werror CMakeFiles/cmTC_09e5c.dir/src.cxx.o -o cmTC_09e5c 
gmake[1]: Leaving directory '/home/vladislav/seminars/c++/seminars_examples/sem1-2/Cmake_eigen/build/CMakeFiles/CMakeTmp'


Source file was:
int main() { return 0; }
Performing C++ SOURCE FILE Test COMPILER_SUPPORT_Wformatsecurity succeeded with the following output:
Change Dir: /home/vladislav/seminars/c++/seminars_examples/sem1-2/Cmake_eigen/build/CMakeFiles/CMakeTmp

Run Build Command(s):/usr/bin/gmake -f Makefile cmTC_2be92/fast && /usr/bin/gmake  -f CMakeFiles/cmTC_2be92.dir/build.make CMakeFiles/cmTC_2be92.dir/build
gmake[1]: Entering directory '/home/vladislav/seminars/c++/seminars_examples/sem1-2/Cmake_eigen/build/CMakeFiles/CMakeTmp'
Building CXX object CMakeFiles/cmTC_2be92.dir/src.cxx.o
/usr/bin/c++ -DCOMPILER_SUPPORT_Wformatsecurity  -std=c++03 -pedantic -Wall -Wextra -Wundef -Wcast-align -Wchar-subscripts -Wnon-virtual-dtor -Wunused-local-typedefs -Wpointer-arith -Wwrite-strings -Werror   -Wformat-security -o CMakeFiles/cmTC_2be92.dir/src.cxx.o -c /home/vladislav/seminars/c++/seminars_examples/sem1-2/Cmake_eigen/build/CMakeFiles/CMakeTmp/src.cxx
Linking CXX executable cmTC_2be92
/usr/bin/cmake -E cmake_link_script CMakeFiles/cmTC_2be92.dir/link.txt --verbose=1
/usr/bin/c++  -std=c++03 -pedantic -Wall -Wextra -Wundef -Wcast-align -Wchar-subscripts -Wnon-virtual-dtor -Wunused-local-typedefs -Wpointer-arith -Wwrite-strings -Werror CMakeFiles/cmTC_2be92.dir/src.cxx.o -o cmTC_2be92 
gmake[1]: Leaving directory '/home/vladislav/seminars/c++/seminars_examples/sem1-2/Cmake_eigen/build/CMakeFiles/CMakeTmp'


Source file was:
int main() { return 0; }
Performing C++ SOURCE FILE Test COMPILER_SUPPORT_Wlogicalop succeeded with the following output:
Change Dir: /home/vladislav/seminars/c++/seminars_examples/sem1-2/Cmake_eigen/build/CMakeFiles/CMakeTmp

Run Build Command(s):/usr/bin/gmake -f Makefile cmTC_c76e5/fast && /usr/bin/gmake  -f CMakeFiles/cmTC_c76e5.dir/build.make CMakeFiles/cmTC_c76e5.dir/build
gmake[1]: Entering directory '/home/vladislav/seminars/c++/seminars_examples/sem1-2/Cmake_eigen/build/CMakeFiles/CMakeTmp'
Building CXX object CMakeFiles/cmTC_c76e5.dir/src.cxx.o
/usr/bin/c++ -DCOMPILER_SUPPORT_Wlogicalop  -std=c++03 -pedantic -Wall -Wextra -Wundef -Wcast-align -Wchar-subscripts -Wnon-virtual-dtor -Wunused-local-typedefs -Wpointer-arith -Wwrite-strings -Wformat-security -Werror   -Wlogical-op -o CMakeFiles/cmTC_c76e5.dir/src.cxx.o -c /home/vladislav/seminars/c++/seminars_examples/sem1-2/Cmake_eigen/build/CMakeFiles/CMakeTmp/src.cxx
Linking CXX executable cmTC_c76e5
/usr/bin/cmake -E cmake_link_script CMakeFiles/cmTC_c76e5.dir/link.txt --verbose=1
/usr/bin/c++  -std=c++03 -pedantic -Wall -Wextra -Wundef -Wcast-align -Wchar-subscripts -Wnon-virtual-dtor -Wunused-local-typedefs -Wpointer-arith -Wwrite-strings -Wformat-security -Werror CMakeFiles/cmTC_c76e5.dir/src.cxx.o -o cmTC_c76e5 
gmake[1]: Leaving directory '/home/vladislav/seminars/c++/seminars_examples/sem1-2/Cmake_eigen/build/CMakeFiles/CMakeTmp'


Source file was:
int main() { return 0; }
Performing C++ SOURCE FILE Test COMPILER_SUPPORT_Wenumconversion succeeded with the following output:
Change Dir: /home/vladislav/seminars/c++/seminars_examples/sem1-2/Cmake_eigen/build/CMakeFiles/CMakeTmp

Run Build Command(s):/usr/bin/gmake -f Makefile cmTC_8bc97/fast && /usr/bin/gmake  -f CMakeFiles/cmTC_8bc97.dir/build.make CMakeFiles/cmTC_8bc97.dir/build
gmake[1]: Entering directory '/home/vladislav/seminars/c++/seminars_examples/sem1-2/Cmake_eigen/build/CMakeFiles/CMakeTmp'
Building CXX object CMakeFiles/cmTC_8bc97.dir/src.cxx.o
/usr/bin/c++ -DCOMPILER_SUPPORT_Wenumconversion  -std=c++03 -pedantic -Wall -Wextra -Wundef -Wcast-align -Wchar-subscripts -Wnon-virtual-dtor -Wunused-local-typedefs -Wpointer-arith -Wwrite-strings -Wformat-security -Wlogical-op -Werror   -Wenum-conversion -o CMakeFiles/cmTC_8bc97.dir/src.cxx.o -c /home/vladislav/seminars/c++/seminars_examples/sem1-2/Cmake_eigen/build/CMakeFiles/CMakeTmp/src.cxx
Linking CXX executable cmTC_8bc97
/usr/bin/cmake -E cmake_link_script CMakeFiles/cmTC_8bc97.dir/link.txt --verbose=1
/usr/bin/c++  -std=c++03 -pedantic -Wall -Wextra -Wundef -Wcast-align -Wchar-subscripts -Wnon-virtual-dtor -Wunused-local-typedefs -Wpointer-arith -Wwrite-strings -Wformat-security -Wlogical-op -Werror CMakeFiles/cmTC_8bc97.dir/src.cxx.o -o cmTC_8bc97 
gmake[1]: Leaving directory '/home/vladislav/seminars/c++/seminars_examples/sem1-2/Cmake_eigen/build/CMakeFiles/CMakeTmp'


Source file was:
int main() { return 0; }
Performing C++ SOURCE FILE Test COMPILER_SUPPORT_Wdoublepromotion succeeded with the following output:
Change Dir: /home/vladislav/seminars/c++/seminars_examples/sem1-2/Cmake_eigen/build/CMakeFiles/CMakeTmp

Run Build Command(s):/usr/bin/gmake -f Makefile cmTC_c8354/fast && /usr/bin/gmake  -f CMakeFiles/cmTC_c8354.dir/build.make CMakeFiles/cmTC_c8354.dir/build
gmake[1]: Entering directory '/home/vladislav/seminars/c++/seminars_examples/sem1-2/Cmake_eigen/build/CMakeFiles/CMakeTmp'
Building CXX object CMakeFiles/cmTC_c8354.dir/src.cxx.o
/usr/bin/c++ -DCOMPILER_SUPPORT_Wdoublepromotion  -std=c++03 -pedantic -Wall -Wextra -Wundef -Wcast-align -Wchar-subscripts -Wnon-virtual-dtor -Wunused-local-typedefs -Wpointer-arith -Wwrite-strings -Wformat-security -Wlogical-op -Wenum-conversion -Werror   -Wdouble-promotion -o CMakeFiles/cmTC_c8354.dir/src.cxx.o -c /home/vladislav/seminars/c++/seminars_examples/sem1-2/Cmake_eigen/build/CMakeFiles/CMakeTmp/src.cxx
Linking CXX executable cmTC_c8354
/usr/bin/cmake -E cmake_link_script CMakeFiles/cmTC_c8354.dir/link.txt --verbose=1
/usr/bin/c++  -std=c++03 -pedantic -Wall -Wextra -Wundef -Wcast-align -Wchar-subscripts -Wnon-virtual-dtor -Wunused-local-typedefs -Wpointer-arith -Wwrite-strings -Wformat-security -Wlogical-op -Wenum-conversion -Werror CMakeFiles/cmTC_c8354.dir/src.cxx.o -o cmTC_c8354 
gmake[1]: Leaving directory '/home/vladislav/seminars/c++/seminars_examples/sem1-2/Cmake_eigen/build/CMakeFiles/CMakeTmp'


Source file was:
int main() { return 0; }
Performing C++ SOURCE FILE Test COMPILER_SUPPORT_Wshadow succeeded with the following output:
Change Dir: /home/vladislav/seminars/c++/seminars_examples/sem1-2/Cmake_eigen/build/CMakeFiles/CMakeTmp

Run Build Command(s):/usr/bin/gmake -f Makefile cmTC_0b229/fast && /usr/bin/gmake  -f CMakeFiles/cmTC_0b229.dir/build.make CMakeFiles/cmTC_0b229.dir/build
gmake[1]: Entering directory '/home/vladislav/seminars/c++/seminars_examples/sem1-2/Cmake_eigen/build/CMakeFiles/CMakeTmp'
Building CXX object CMakeFiles/cmTC_0b229.dir/src.cxx.o
/usr/bin/c++ -DCOMPILER_SUPPORT_Wshadow  -std=c++03 -pedantic -Wall -Wextra -Wundef -Wcast-align -Wchar-subscripts -Wnon-virtual-dtor -Wunused-local-typedefs -Wpointer-arith -Wwrite-strings -Wformat-security -Wlogical-op -Wenum-conversion -Wdouble-promotion -Werror   -Wshadow -o CMakeFiles/cmTC_0b229.dir/src.cxx.o -c /home/vladislav/seminars/c++/seminars_examples/sem1-2/Cmake_eigen/build/CMakeFiles/CMakeTmp/src.cxx
Linking CXX executable cmTC_0b229
/usr/bin/cmake -E cmake_link_script CMakeFiles/cmTC_0b229.dir/link.txt --verbose=1
/usr/bin/c++  -std=c++03 -pedantic -Wall -Wextra -Wundef -Wcast-align -Wchar-subscripts -Wnon-virtual-dtor -Wunused-local-typedefs -Wpointer-arith -Wwrite-strings -Wformat-security -Wlogical-op -Wenum-conversion -Wdouble-promotion -Werror CMakeFiles/cmTC_0b229.dir/src.cxx.o -o cmTC_0b229 
gmake[1]: Leaving directory '/home/vladislav/seminars/c++/seminars_examples/sem1-2/Cmake_eigen/build/CMakeFiles/CMakeTmp'


Source file was:
int main() { return 0; }
Performing C++ SOURCE FILE Test COMPILER_SUPPORT_Wnopsabi succeeded with the following output:
Change Dir: /home/vladislav/seminars/c++/seminars_examples/sem1-2/Cmake_eigen/build/CMakeFiles/CMakeTmp

Run Build Command(s):/usr/bin/gmake -f Makefile cmTC_56611/fast && /usr/bin/gmake  -f CMakeFiles/cmTC_56611.dir/build.make CMakeFiles/cmTC_56611.dir/build
gmake[1]: Entering directory '/home/vladislav/seminars/c++/seminars_examples/sem1-2/Cmake_eigen/build/CMakeFiles/CMakeTmp'
Building CXX object CMakeFiles/cmTC_56611.dir/src.cxx.o
/usr/bin/c++ -DCOMPILER_SUPPORT_Wnopsabi  -std=c++03 -pedantic -Wall -Wextra -Wundef -Wcast-align -Wchar-subscripts -Wnon-virtual-dtor -Wunused-local-typedefs -Wpointer-arith -Wwrite-strings -Wformat-security -Wlogical-op -Wenum-conversion -Wdouble-promotion -Wshadow -Werror   -Wno-psabi -o CMakeFiles/cmTC_56611.dir/src.cxx.o -c /home/vladislav/seminars/c++/seminars_examples/sem1-2/Cmake_eigen/build/CMakeFiles/CMakeTmp/src.cxx
Linking CXX executable cmTC_56611
/usr/bin/cmake -E cmake_link_script CMakeFiles/cmTC_56611.dir/link.txt --verbose=1
/usr/bin/c++  -std=c++03 -pedantic -Wall -Wextra -Wundef -Wcast-align -Wchar-subscripts -Wnon-virtual-dtor -Wunused-local-typedefs -Wpointer-arith -Wwrite-strings -Wformat-security -Wlogical-op -Wenum-conversion -Wdouble-promotion -Wshadow -Werror CMakeFiles/cmTC_56611.dir/src.cxx.o -o cmTC_56611 
gmake[1]: Leaving directory '/home/vladislav/seminars/c++/seminars_examples/sem1-2/Cmake_eigen/build/CMakeFiles/CMakeTmp'


Source file was:
int main() { return 0; }
Performing C++ SOURCE FILE Test COMPILER_SUPPORT_Wnovariadicmacros succeeded with the following output:
Change Dir: /home/vladislav/seminars/c++/seminars_examples/sem1-2/Cmake_eigen/build/CMakeFiles/CMakeTmp

Run Build Command(s):/usr/bin/gmake -f Makefile cmTC_7a95a/fast && /usr/bin/gmake  -f CMakeFiles/cmTC_7a95a.dir/build.make CMakeFiles/cmTC_7a95a.dir/build
gmake[1]: Entering directory '/home/vladislav/seminars/c++/seminars_examples/sem1-2/Cmake_eigen/build/CMakeFiles/CMakeTmp'
Building CXX object CMakeFiles/cmTC_7a95a.dir/src.cxx.o
/usr/bin/c++ -DCOMPILER_SUPPORT_Wnovariadicmacros  -std=c++03 -pedantic -Wall -Wextra -Wundef -Wcast-align -Wchar-subscripts -Wnon-virtual-dtor -Wunused-local-typedefs -Wpointer-arith -Wwrite-strings -Wformat-security -Wlogical-op -Wenum-conversion -Wdouble-promotion -Wshadow -Wno-psabi -Werror   -Wno-variadic-macros -o CMakeFiles/cmTC_7a95a.dir/src.cxx.o -c /home/vladislav/seminars/c++/seminars_examples/sem1-2/Cmake_eigen/build/CMakeFiles/CMakeTmp/src.cxx
Linking CXX executable cmTC_7a95a
/usr/bin/cmake -E cmake_link_script CMakeFiles/cmTC_7a95a.dir/link.txt --verbose=1
/usr/bin/c++  -std=c++03 -pedantic -Wall -Wextra -Wundef -Wcast-align -Wchar-subscripts -Wnon-virtual-dtor -Wunused-local-typedefs -Wpointer-arith -Wwrite-strings -Wformat-security -Wlogical-op -Wenum-conversion -Wdouble-promotion -Wshadow -Wno-psabi -Werror CMakeFiles/cmTC_7a95a.dir/src.cxx.o -o cmTC_7a95a 
gmake[1]: Leaving directory '/home/vladislav/seminars/c++/seminars_examples/sem1-2/Cmake_eigen/build/CMakeFiles/CMakeTmp'


Source file was:
int main() { return 0; }
Performing C++ SOURCE FILE Test COMPILER_SUPPORT_Wnolonglong succeeded with the following output:
Change Dir: /home/vladislav/seminars/c++/seminars_examples/sem1-2/Cmake_eigen/build/CMakeFiles/CMakeTmp

Run Build Command(s):/usr/bin/gmake -f Makefile cmTC_817a7/fast && /usr/bin/gmake  -f CMakeFiles/cmTC_817a7.dir/build.make CMakeFiles/cmTC_817a7.dir/build
gmake[1]: Entering directory '/home/vladislav/seminars/c++/seminars_examples/sem1-2/Cmake_eigen/build/CMakeFiles/CMakeTmp'
Building CXX object CMakeFiles/cmTC_817a7.dir/src.cxx.o
/usr/bin/c++ -DCOMPILER_SUPPORT_Wnolonglong  -std=c++03 -pedantic -Wall -Wextra -Wundef -Wcast-align -Wchar-subscripts -Wnon-virtual-dtor -Wunused-local-typedefs -Wpointer-arith -Wwrite-strings -Wformat-security -Wlogical-op -Wenum-conversion -Wdouble-promotion -Wshadow -Wno-psabi -Wno-variadic-macros -Werror   -Wno-long-long -o CMakeFiles/cmTC_817a7.dir/src.cxx.o -c /home/vladislav/seminars/c++/seminars_examples/sem1-2/Cmake_eigen/build/CMakeFiles/CMakeTmp/src.cxx
Linking CXX executable cmTC_817a7
/usr/bin/cmake -E cmake_link_script CMakeFiles/cmTC_817a7.dir/link.txt --verbose=1
/usr/bin/c++  -std=c++03 -pedantic -Wall -Wextra -Wundef -Wcast-align -Wchar-subscripts -Wnon-virtual-dtor -Wunused-local-typedefs -Wpointer-arith -Wwrite-strings -Wformat-security -Wlogical-op -Wenum-conversion -Wdouble-promotion -Wshadow -Wno-psabi -Wno-variadic-macros -Werror CMakeFiles/cmTC_817a7.dir/src.cxx.o -o cmTC_817a7 
gmake[1]: Leaving directory '/home/vladislav/seminars/c++/seminars_examples/sem1-2/Cmake_eigen/build/CMakeFiles/CMakeTmp'


Source file was:
int main() { return 0; }
Performing C++ SOURCE FILE Test COMPILER_SUPPORT_fnochecknew succeeded with the following output:
Change Dir: /home/vladislav/seminars/c++/seminars_examples/sem1-2/Cmake_eigen/build/CMakeFiles/CMakeTmp

Run Build Command(s):/usr/bin/gmake -f Makefile cmTC_5b45c/fast && /usr/bin/gmake  -f CMakeFiles/cmTC_5b45c.dir/build.make CMakeFiles/cmTC_5b45c.dir/build
gmake[1]: Entering directory '/home/vladislav/seminars/c++/seminars_examples/sem1-2/Cmake_eigen/build/CMakeFiles/CMakeTmp'
Building CXX object CMakeFiles/cmTC_5b45c.dir/src.cxx.o
/usr/bin/c++ -DCOMPILER_SUPPORT_fnochecknew  -std=c++03 -pedantic -Wall -Wextra -Wundef -Wcast-align -Wchar-subscripts -Wnon-virtual-dtor -Wunused-local-typedefs -Wpointer-arith -Wwrite-strings -Wformat-security -Wlogical-op -Wenum-conversion -Wdouble-promotion -Wshadow -Wno-psabi -Wno-variadic-macros -Wno-long-long -Werror   -fno-check-new -o CMakeFiles/cmTC_5b45c.dir/src.cxx.o -c /home/vladislav/seminars/c++/seminars_examples/sem1-2/Cmake_eigen/build/CMakeFiles/CMakeTmp/src.cxx
Linking CXX executable cmTC_5b45c
/usr/bin/cmake -E cmake_link_script CMakeFiles/cmTC_5b45c.dir/link.txt --verbose=1
/usr/bin/c++  -std=c++03 -pedantic -Wall -Wextra -Wundef -Wcast-align -Wchar-subscripts -Wnon-virtual-dtor -Wunused-local-typedefs -Wpointer-arith -Wwrite-strings -Wformat-security -Wlogical-op -Wenum-conversion -Wdouble-promotion -Wshadow -Wno-psabi -Wno-variadic-macros -Wno-long-long -Werror CMakeFiles/cmTC_5b45c.dir/src.cxx.o -o cmTC_5b45c 
gmake[1]: Leaving directory '/home/vladislav/seminars/c++/seminars_examples/sem1-2/Cmake_eigen/build/CMakeFiles/CMakeTmp'


Source file was:
int main() { return 0; }
Performing C++ SOURCE FILE Test COMPILER_SUPPORT_fnocommon succeeded with the following output:
Change Dir: /home/vladislav/seminars/c++/seminars_examples/sem1-2/Cmake_eigen/build/CMakeFiles/CMakeTmp

Run Build Command(s):/usr/bin/gmake -f Makefile cmTC_2143b/fast && /usr/bin/gmake  -f CMakeFiles/cmTC_2143b.dir/build.make CMakeFiles/cmTC_2143b.dir/build
gmake[1]: Entering directory '/home/vladislav/seminars/c++/seminars_examples/sem1-2/Cmake_eigen/build/CMakeFiles/CMakeTmp'
Building CXX object CMakeFiles/cmTC_2143b.dir/src.cxx.o
/usr/bin/c++ -DCOMPILER_SUPPORT_fnocommon  -std=c++03 -pedantic -Wall -Wextra -Wundef -Wcast-align -Wchar-subscripts -Wnon-virtual-dtor -Wunused-local-typedefs -Wpointer-arith -Wwrite-strings -Wformat-security -Wlogical-op -Wenum-conversion -Wdouble-promotion -Wshadow -Wno-psabi -Wno-variadic-macros -Wno-long-long -fno-check-new -Werror   -fno-common -o CMakeFiles/cmTC_2143b.dir/src.cxx.o -c /home/vladislav/seminars/c++/seminars_examples/sem1-2/Cmake_eigen/build/CMakeFiles/CMakeTmp/src.cxx
Linking CXX executable cmTC_2143b
/usr/bin/cmake -E cmake_link_script CMakeFiles/cmTC_2143b.dir/link.txt --verbose=1
/usr/bin/c++  -std=c++03 -pedantic -Wall -Wextra -Wundef -Wcast-align -Wchar-subscripts -Wnon-virtual-dtor -Wunused-local-typedefs -Wpointer-arith -Wwrite-strings -Wformat-security -Wlogical-op -Wenum-conversion -Wdouble-promotion -Wshadow -Wno-psabi -Wno-variadic-macros -Wno-long-long -fno-check-new -Werror CMakeFiles/cmTC_2143b.dir/src.cxx.o -o cmTC_2143b 
gmake[1]: Leaving directory '/home/vladislav/seminars/c++/seminars_examples/sem1-2/Cmake_eigen/build/CMakeFiles/CMakeTmp'


Source file was:
int main() { return 0; }
Performing C++ SOURCE FILE Test COMPILER_SUPPORT_fstrictaliasing succeeded with the following output:
Change Dir: /home/vladislav/seminars/c++/seminars_examples/sem1-2/Cmake_eigen/build/CMakeFiles/CMakeTmp

Run Build Command(s):/usr/bin/gmake -f Makefile cmTC_7128f/fast && /usr/bin/gmake  -f CMakeFiles/cmTC_7128f.dir/build.make CMakeFiles/cmTC_7128f.dir/build
gmake[1]: Entering directory '/home/vladislav/seminars/c++/seminars_examples/sem1-2/Cmake_eigen/build/CMakeFiles/CMakeTmp'
Building CXX object CMakeFiles/cmTC_7128f.dir/src.cxx.o
/usr/bin/c++ -DCOMPILER_SUPPORT_fstrictaliasing  -std=c++03 -pedantic -Wall -Wextra -Wundef -Wcast-align -Wchar-subscripts -Wnon-virtual-dtor -Wunused-local-typedefs -Wpointer-arith -Wwrite-strings -Wformat-security -Wlogical-op -Wenum-conversion -Wdouble-promotion -Wshadow -Wno-psabi -Wno-variadic-macros -Wno-long-long -fno-check-new -fno-common -Werror   -fstrict-aliasing -o CMakeFiles/cmTC_7128f.dir/src.cxx.o -c /home/vladislav/seminars/c++/seminars_examples/sem1-2/Cmake_eigen/build/CMakeFiles/CMakeTmp/src.cxx
Linking CXX executable cmTC_7128f
/usr/bin/cmake -E cmake_link_script CMakeFiles/cmTC_7128f.dir/link.txt --verbose=1
/usr/bin/c++  -std=c++03 -pedantic -Wall -Wextra -Wundef -Wcast-align -Wchar-subscripts -Wnon-virtual-dtor -Wunused-local-typedefs -Wpointer-arith -Wwrite-strings -Wformat-security -Wlogical-op -Wenum-conversion -Wdouble-promotion -Wshadow -Wno-psabi -Wno-variadic-macros -Wno-long-long -fno-check-new -fno-common -Werror CMakeFiles/cmTC_7128f.dir/src.cxx.o -o cmTC_7128f 
gmake[1]: Leaving directory '/home/vladislav/seminars/c++/seminars_examples/sem1-2/Cmake_eigen/build/CMakeFiles/CMakeTmp'


Source file was:
int main() { return 0; }
Performing C++ SOURCE FILE Test COMPILER_SUPPORT_ansi succeeded with the following output:
Change Dir: /home/vladislav/seminars/c++/seminars_examples/sem1-2/Cmake_eigen/build/CMakeFiles/CMakeTmp

Run Build Command(s):/usr/bin/gmake -f Makefile cmTC_e3541/fast && /usr/bin/gmake  -f CMakeFiles/cmTC_e3541.dir/build.make CMakeFiles/cmTC_e3541.dir/build
gmake[1]: Entering directory '/home/vladislav/seminars/c++/seminars_examples/sem1-2/Cmake_eigen/build/CMakeFiles/CMakeTmp'
Building CXX object CMakeFiles/cmTC_e3541.dir/src.cxx.o
/usr/bin/c++ -DCOMPILER_SUPPORT_ansi  -std=c++03 -pedantic -Wall -Wextra -Wundef -Wcast-align -Wchar-subscripts -Wnon-virtual-dtor -Wunused-local-typedefs -Wpointer-arith -Wwrite-strings -Wformat-security -Wlogical-op -Wenum-conversion -Wdouble-promotion -Wshadow -Wno-psabi -Wno-variadic-macros -Wno-long-long -fno-check-new -fno-common -fstrict-aliasing -Werror   -ansi -o CMakeFiles/cmTC_e3541.dir/src.cxx.o -c /home/vladislav/seminars/c++/seminars_examples/sem1-2/Cmake_eigen/build/CMakeFiles/CMakeTmp/src.cxx
Linking CXX executable cmTC_e3541
/usr/bin/cmake -E cmake_link_script CMakeFiles/cmTC_e3541.dir/link.txt --verbose=1
/usr/bin/c++  -std=c++03 -pedantic -Wall -Wextra -Wundef -Wcast-align -Wchar-subscripts -Wnon-virtual-dtor -Wunused-local-typedefs -Wpointer-arith -Wwrite-strings -Wformat-security -Wlogical-op -Wenum-conversion -Wdouble-promotion -Wshadow -Wno-psabi -Wno-variadic-macros -Wno-long-long -fno-check-new -fno-common -fstrict-aliasing -Werror CMakeFiles/cmTC_e3541.dir/src.cxx.o -o cmTC_e3541 
gmake[1]: Leaving directory '/home/vladislav/seminars/c++/seminars_examples/sem1-2/Cmake_eigen/build/CMakeFiles/CMakeTmp'


Source file was:
int main() { return 0; }
Performing C++ SOURCE FILE Test COMPILER_SUPPORT_OPENMP succeeded with the following output:
Change Dir: /home/vladislav/seminars/c++/seminars_examples/sem1-2/Cmake_eigen/build/CMakeFiles/CMakeTmp

Run Build Command(s):/usr/bin/gmake -f Makefile cmTC_a6884/fast && /usr/bin/gmake  -f CMakeFiles/cmTC_a6884.dir/build.make CMakeFiles/cmTC_a6884.dir/build
gmake[1]: Entering directory '/home/vladislav/seminars/c++/seminars_examples/sem1-2/Cmake_eigen/build/CMakeFiles/CMakeTmp'
Building CXX object CMakeFiles/cmTC_a6884.dir/src.cxx.o
/usr/bin/c++ -DCOMPILER_SUPPORT_OPENMP  -std=c++03 -pedantic -Wall -Wextra -Wundef -Wcast-align -Wchar-subscripts -Wnon-virtual-dtor -Wunused-local-typedefs -Wpointer-arith -Wwrite-strings -Wformat-security -Wlogical-op -Wenum-conversion -Wdouble-promotion -Wshadow -Wno-psabi -Wno-variadic-macros -Wno-long-long -fno-check-new -fno-common -fstrict-aliasing -ansi    -fopenmp -o CMakeFiles/cmTC_a6884.dir/src.cxx.o -c /home/vladislav/seminars/c++/seminars_examples/sem1-2/Cmake_eigen/build/CMakeFiles/CMakeTmp/src.cxx
Linking CXX executable cmTC_a6884
/usr/bin/cmake -E cmake_link_script CMakeFiles/cmTC_a6884.dir/link.txt --verbose=1
/usr/bin/c++  -std=c++03 -pedantic -Wall -Wextra -Wundef -Wcast-align -Wchar-subscripts -Wnon-virtual-dtor -Wunused-local-typedefs -Wpointer-arith -Wwrite-strings -Wformat-security -Wlogical-op -Wenum-conversion -Wdouble-promotion -Wshadow -Wno-psabi -Wno-variadic-macros -Wno-long-long -fno-check-new -fno-common -fstrict-aliasing -ansi  CMakeFiles/cmTC_a6884.dir/src.cxx.o -o cmTC_a6884 
gmake[1]: Leaving directory '/home/vladislav/seminars/c++/seminars_examples/sem1-2/Cmake_eigen/build/CMakeFiles/CMakeTmp'


Source file was:
int main() { return 0; }
Determining if the include file pthread.h exists passed with the following output:
Change Dir: /home/vladislav/seminars/c++/seminars_examples/sem1-2/Cmake_eigen/build/CMakeFiles/CMakeTmp

Run Build Command(s):/usr/bin/gmake -f Makefile cmTC_fd9d7/fast && /usr/bin/gmake  -f CMakeFiles/cmTC_fd9d7.dir/build.make CMakeFiles/cmTC_fd9d7.dir/build
gmake[1]: Entering directory '/home/vladislav/seminars/c++/seminars_examples/sem1-2/Cmake_eigen/build/CMakeFiles/CMakeTmp'
Building C object CMakeFiles/cmTC_fd9d7.dir/CheckIncludeFile.c.o
/usr/bin/cc    -o CMakeFiles/cmTC_fd9d7.dir/CheckIncludeFile.c.o -c /home/vladislav/seminars/c++/seminars_examples/sem1-2/Cmake_eigen/build/CMakeFiles/CMakeTmp/CheckIncludeFile.c
Linking C executable cmTC_fd9d7
/usr/bin/cmake -E cmake_link_script CMakeFiles/cmTC_fd9d7.dir/link.txt --verbose=1
/usr/bin/cc CMakeFiles/cmTC_fd9d7.dir/CheckIncludeFile.c.o -o cmTC_fd9d7 
gmake[1]: Leaving directory '/home/vladislav/seminars/c++/seminars_examples/sem1-2/Cmake_eigen/build/CMakeFiles/CMakeTmp'



Performing C SOURCE FILE Test CMAKE_HAVE_LIBC_PTHREAD succeeded with the following output:
Change Dir: /home/vladislav/seminars/c++/seminars_examples/sem1-2/Cmake_eigen/build/CMakeFiles/CMakeTmp

Run Build Command(s):/usr/bin/gmake -f Makefile cmTC_deb1b/fast && /usr/bin/gmake  -f CMakeFiles/cmTC_deb1b.dir/build.make CMakeFiles/cmTC_deb1b.dir/build
gmake[1]: Entering directory '/home/vladislav/seminars/c++/seminars_examples/sem1-2/Cmake_eigen/build/CMakeFiles/CMakeTmp'
Building C object CMakeFiles/cmTC_deb1b.dir/src.c.o
/usr/bin/cc -DCMAKE_HAVE_LIBC_PTHREAD   -o CMakeFiles/cmTC_deb1b.dir/src.c.o -c /home/vladislav/seminars/c++/seminars_examples/sem1-2/Cmake_eigen/build/CMakeFiles/CMakeTmp/src.c
Linking C executable cmTC_deb1b
/usr/bin/cmake -E cmake_link_script CMakeFiles/cmTC_deb1b.dir/link.txt --verbose=1
/usr/bin/cc CMakeFiles/cmTC_deb1b.dir/src.c.o -o cmTC_deb1b 
gmake[1]: Leaving directory '/home/vladislav/seminars/c++/seminars_examples/sem1-2/Cmake_eigen/build/CMakeFiles/CMakeTmp'


Source file was:
#include <pthread.h>

static void* test_func(void* data)
{
  return data;
}

int main(void)
{
  pthread_t thread;
  pthread_create(&thread, NULL, test_func, NULL);
  pthread_detach(thread);
  pthread_cancel(thread);
  pthread_join(thread, NULL);
  pthread_atfork(NULL, NULL, NULL);
  pthread_exit(NULL);

  return 0;
}

Performing C++ SOURCE FILE Test COMPILER_SUPPORT_FASTMATH succeeded with the following output:
Change Dir: /home/vladislav/seminars/c++/seminars_examples/sem1-2/Cmake_eigen/build/CMakeFiles/CMakeTmp

Run Build Command(s):/usr/bin/gmake -f Makefile cmTC_2995f/fast && /usr/bin/gmake  -f CMakeFiles/cmTC_2995f.dir/build.make CMakeFiles/cmTC_2995f.dir/build
gmake[1]: Entering directory '/home/vladislav/seminars/c++/seminars_examples/sem1-2/Cmake_eigen/build/CMakeFiles/CMakeTmp'
Building CXX object CMakeFiles/cmTC_2995f.dir/src.cxx.o
/usr/bin/c++ -DCOMPILER_SUPPORT_FASTMATH  -std=c++03 -pedantic -Wall -Wextra -Wundef -Wcast-align -Wchar-subscripts -Wnon-virtual-dtor -Wunused-local-typedefs -Wpointer-arith -Wwrite-strings -Wformat-security -Wlogical-op -Wenum-conversion -Wdouble-promotion -Wshadow -Wno-psabi -Wno-variadic-macros -Wno-long-long -fno-check-new -fno-common -fstrict-aliasing -ansi    -ffast-math -o CMakeFiles/cmTC_2995f.dir/src.cxx.o -c /home/vladislav/seminars/c++/seminars_examples/sem1-2/Cmake_eigen/build/CMakeFiles/CMakeTmp/src.cxx
Linking CXX executable cmTC_2995f
/usr/bin/cmake -E cmake_link_script CMakeFiles/cmTC_2995f.dir/link.txt --verbose=1
/usr/bin/c++  -std=c++03 -pedantic -Wall -Wextra -Wundef -Wcast-align -Wchar-subscripts -Wnon-virtual-dtor -Wunused-local-typedefs -Wpointer-arith -Wwrite-strings -Wformat-security -Wlogical-op -Wenum-conversion -Wdouble-promotion -Wshadow -Wno-psabi -Wno-variadic-macros -Wno-long-long -fno-check-new -fno-common -fstrict-aliasing -ansi  CMakeFiles/cmTC_2995f.dir/src.cxx.o -o cmTC_2995f 
gmake[1]: Leaving directory '/home/vladislav/seminars/c++/seminars_examples/sem1-2/Cmake_eigen/build/CMakeFiles/CMakeTmp'


Source file was:
int main() { return 0; }
Performing C++ SOURCE FILE Test COMPILER_SUPPORT_std=cpp03 succeeded with the following output:
Change Dir: /home/vladislav/seminars/c++/seminars_examples/sem1-2/Cmake_eigen/build/CMakeFiles/CMakeTmp

Run Build Command(s):/usr/bin/gmake -f Makefile cmTC_0444c/fast && /usr/bin/gmake  -f CMakeFiles/cmTC_0444c.dir/build.make CMakeFiles/cmTC_0444c.dir/build
gmake[1]: Entering directory '/home/vladislav/seminars/c++/seminars_examples/sem1-2/Cmake_eigen/build/CMakeFiles/CMakeTmp'
Building CXX object CMakeFiles/cmTC_0444c.dir/src.cxx.o
/usr/bin/c++ -DCOMPILER_SUPPORT_std=cpp03  -std=c++03 -o CMakeFiles/cmTC_0444c.dir/src.cxx.o -c /home/vladislav/seminars/c++/seminars_examples/sem1-2/Cmake_eigen/build/CMakeFiles/CMakeTmp/src.cxx
Linking CXX executable cmTC_0444c
/usr/bin/cmake -E cmake_link_script CMakeFiles/cmTC_0444c.dir/link.txt --verbose=1
/usr/bin/c++ CMakeFiles/cmTC_0444c.dir/src.cxx.o -o cmTC_0444c 
gmake[1]: Leaving directory '/home/vladislav/seminars/c++/seminars_examples/sem1-2/Cmake_eigen/build/CMakeFiles/CMakeTmp'


Source file was:
int main() { return 0; }
Performing C++ SOURCE FILE Test COMPILER_SUPPORT_std=cpp03 succeeded with the following output:
Change Dir: /home/vladislav/seminars/c++/seminars_examples/sem1-2/Cmake_eigen/build/CMakeFiles/CMakeTmp

Run Build Command(s):/usr/bin/gmake -f Makefile cmTC_b1b64/fast && /usr/bin/gmake  -f CMakeFiles/cmTC_b1b64.dir/build.make CMakeFiles/cmTC_b1b64.dir/build
gmake[1]: Entering directory '/home/vladislav/seminars/c++/seminars_examples/sem1-2/Cmake_eigen/build/CMakeFiles/CMakeTmp'
Building CXX object CMakeFiles/cmTC_b1b64.dir/src.cxx.o
/usr/bin/c++ -DCOMPILER_SUPPORT_std=cpp03  -Wall -fno-rtti    -std=c++03 -o CMakeFiles/cmTC_b1b64.dir/src.cxx.o -c /home/vladislav/seminars/c++/seminars_examples/sem1-2/Cmake_eigen/build/CMakeFiles/CMakeTmp/src.cxx
Linking CXX executable cmTC_b1b64
/usr/bin/cmake -E cmake_link_script CMakeFiles/cmTC_b1b64.dir/link.txt --verbose=1
/usr/bin/c++ -Wall -fno-rtti  CMakeFiles/cmTC_b1b64.dir/src.cxx.o -o cmTC_b1b64 
gmake[1]: Leaving directory '/home/vladislav/seminars/c++/seminars_examples/sem1-2/Cmake_eigen/build/CMakeFiles/CMakeTmp'


Source file was:
int main() { return 0; }
Performing C++ SOURCE FILE Test COMPILER_SUPPORT_std=cpp03 succeeded with the following output:
Change Dir: /home/vladislav/seminars/c++/seminars_examples/sem1-2/Cmake_eigen/build/CMakeFiles/CMakeTmp

Run Build Command(s):/usr/bin/gmake -f Makefile cmTC_5071e/fast && gmake[1]: Entering directory '/home/vladislav/seminars/c++/seminars_examples/sem1-2/Cmake_eigen/build/CMakeFiles/CMakeTmp'
/usr/bin/gmake  -f CMakeFiles/cmTC_5071e.dir/build.make CMakeFiles/cmTC_5071e.dir/build
gmake[2]: Entering directory '/home/vladislav/seminars/c++/seminars_examples/sem1-2/Cmake_eigen/build/CMakeFiles/CMakeTmp'
Building CXX object CMakeFiles/cmTC_5071e.dir/src.cxx.o
/usr/bin/c++ -DCOMPILER_SUPPORT_std=cpp03  -Wall -fno-rtti    -std=c++03 -o CMakeFiles/cmTC_5071e.dir/src.cxx.o -c /home/vladislav/seminars/c++/seminars_examples/sem1-2/Cmake_eigen/build/CMakeFiles/CMakeTmp/src.cxx
Linking CXX executable cmTC_5071e
/usr/bin/cmake -E cmake_link_script CMakeFiles/cmTC_5071e.dir/link.txt --verbose=1
/usr/bin/c++ -Wall -fno-rtti  CMakeFiles/cmTC_5071e.dir/src.cxx.o -o cmTC_5071e 
gmake[2]: Leaving directory '/home/vladislav/seminars/c++/seminars_examples/sem1-2/Cmake_eigen/build/CMakeFiles/CMakeTmp'
gmake[1]: Leaving directory '/home/vladislav/seminars/c++/seminars_examples/sem1-2/Cmake_eigen/build/CMakeFiles/CMakeTmp'


Source file was:
int main() { return 0; }
Performing C++ SOURCE FILE Test COMPILER_SUPPORT_std=cpp03 succeeded with the following output:
Change Dir: /home/vladislav/seminars/c++/seminars_examples/sem1-2/Cmake_eigen/build/CMakeFiles/CMakeTmp

Run Build Command(s):/usr/bin/gmake -f Makefile cmTC_9d2be/fast && /usr/bin/gmake  -f CMakeFiles/cmTC_9d2be.dir/build.make CMakeFiles/cmTC_9d2be.dir/build
gmake[1]: Entering directory '/home/vladislav/seminars/c++/seminars_examples/sem1-2/Cmake_eigen/build/CMakeFiles/CMakeTmp'
Building CXX object CMakeFiles/cmTC_9d2be.dir/src.cxx.o
/usr/bin/c++ -DCOMPILER_SUPPORT_std=cpp03  -Wall -fno-rtti    -std=c++03 -o CMakeFiles/cmTC_9d2be.dir/src.cxx.o -c /home/vladislav/seminars/c++/seminars_examples/sem1-2/Cmake_eigen/build/CMakeFiles/CMakeTmp/src.cxx
Linking CXX executable cmTC_9d2be
/usr/bin/cmake -E cmake_link_script CMakeFiles/cmTC_9d2be.dir/link.txt --verbose=1
/usr/bin/c++ -Wall -fno-rtti  CMakeFiles/cmTC_9d2be.dir/src.cxx.o -o cmTC_9d2be 
gmake[1]: Leaving directory '/home/vladislav/seminars/c++/seminars_examples/sem1-2/Cmake_eigen/build/CMakeFiles/CMakeTmp'


Source file was:
int main() { return 0; }
Performing C++ SOURCE FILE Test COMPILER_SUPPORT_std=cpp03 succeeded with the following output:
Change Dir: /home/vladislav/seminars/c++/seminars_examples/sem1-2/Cmake_eigen/build/CMakeFiles/CMakeTmp

Run Build Command(s):/usr/bin/gmake -f Makefile cmTC_f7544/fast && gmake[1]: Entering directory '/home/vladislav/seminars/c++/seminars_examples/sem1-2/Cmake_eigen/build/CMakeFiles/CMakeTmp'
/usr/bin/gmake  -f CMakeFiles/cmTC_f7544.dir/build.make CMakeFiles/cmTC_f7544.dir/build
gmake[2]: Entering directory '/home/vladislav/seminars/c++/seminars_examples/sem1-2/Cmake_eigen/build/CMakeFiles/CMakeTmp'
Building CXX object CMakeFiles/cmTC_f7544.dir/src.cxx.o
/usr/bin/c++ -DCOMPILER_SUPPORT_std=cpp03  -Wall -fno-rtti    -std=c++03 -o CMakeFiles/cmTC_f7544.dir/src.cxx.o -c /home/vladislav/seminars/c++/seminars_examples/sem1-2/Cmake_eigen/build/CMakeFiles/CMakeTmp/src.cxx
Linking CXX executable cmTC_f7544
/usr/bin/cmake -E cmake_link_script CMakeFiles/cmTC_f7544.dir/link.txt --verbose=1
/usr/bin/c++ -Wall -fno-rtti  CMakeFiles/cmTC_f7544.dir/src.cxx.o -o cmTC_f7544 
gmake[2]: Leaving directory '/home/vladislav/seminars/c++/seminars_examples/sem1-2/Cmake_eigen/build/CMakeFiles/CMakeTmp'
gmake[1]: Leaving directory '/home/vladislav/seminars/c++/seminars_examples/sem1-2/Cmake_eigen/build/CMakeFiles/CMakeTmp'


Source file was:
int main() { return 0; }
Performing C++ SOURCE FILE Test COMPILER_SUPPORT_std=cpp03 succeeded with the following output:
Change Dir: /home/vladislav/seminars/c++/seminars_examples/sem1-2/Cmake_eigen/build/CMakeFiles/CMakeTmp

Run Build Command(s):/usr/bin/gmake -f Makefile cmTC_06706/fast && /usr/bin/gmake  -f CMakeFiles/cmTC_06706.dir/build.make CMakeFiles/cmTC_06706.dir/build
gmake[1]: Entering directory '/home/vladislav/seminars/c++/seminars_examples/sem1-2/Cmake_eigen/build/CMakeFiles/CMakeTmp'
Building CXX object CMakeFiles/cmTC_06706.dir/src.cxx.o
/usr/bin/c++ -DCOMPILER_SUPPORT_std=cpp03  -Wall -fno-rtti    -std=c++03 -o CMakeFiles/cmTC_06706.dir/src.cxx.o -c /home/vladislav/seminars/c++/seminars_examples/sem1-2/Cmake_eigen/build/CMakeFiles/CMakeTmp/src.cxx
Linking CXX executable cmTC_06706
/usr/bin/cmake -E cmake_link_script CMakeFiles/cmTC_06706.dir/link.txt --verbose=1
/usr/bin/c++ -Wall -fno-rtti  CMakeFiles/cmTC_06706.dir/src.cxx.o -o cmTC_06706 
gmake[1]: Leaving directory '/home/vladislav/seminars/c++/seminars_examples/sem1-2/Cmake_eigen/build/CMakeFiles/CMakeTmp'


Source file was:
int main() { return 0; }
